<?xml version="1.0" encoding="utf-8"?>
<!DOCTYPE coverage SYSTEM "http://cobertura.sourceforge.net/xml/coverage-04.dtd">
<coverage line-rate="0.9915254237288136" branch-rate="1" lines-covered="117" lines-valid="118" branches-covered="22" branches-valid="22" complexity="37" version="0" timestamp="1650272376">
  <sources>
    <source>C:\</source>
  </sources>
  <packages>
    <package name="DescartesJsonDiff" line-rate="1" branch-rate="1" complexity="34">
      <classes>
        <class name="DescartesJsonDiff.Controllers.DifferentialController" filename="C:\Development\DescartesJsonDiff\Controllers\DifferentialController.cs" line-rate="1" branch-rate="1" complexity="7">
          <methods>
            <method name="CreateLeft" signature="(...)" line-rate="1" branch-rate="1" complexity="2">
              <lines>
                <line number="25" hits="6" branch="false" />
                <line number="26" hits="6" branch="true" condition-coverage="100% (2/2)" />
                <line number="27" hits="1" branch="false" />
                <line number="28" hits="1" branch="false" />
                <line number="31" hits="5" branch="false" />
                <line number="33" hits="5" branch="false" />
                <line number="34" hits="6" branch="false" />
              </lines>
            </method>
            <method name="CreateRight" signature="(...)" line-rate="1" branch-rate="1" complexity="2">
              <lines>
                <line number="39" hits="5" branch="false" />
                <line number="40" hits="5" branch="true" condition-coverage="100% (2/2)" />
                <line number="41" hits="1" branch="false" />
                <line number="42" hits="1" branch="false" />
                <line number="45" hits="4" branch="false" />
                <line number="47" hits="4" branch="false" />
                <line number="48" hits="5" branch="false" />
              </lines>
            </method>
            <method name="GetDifferential" signature="(...)" line-rate="1" branch-rate="1" complexity="2">
              <lines>
                <line number="53" hits="5" branch="false" />
                <line number="54" hits="5" branch="false" />
                <line number="56" hits="5" branch="true" condition-coverage="100% (2/2)" />
                <line number="57" hits="5" branch="false" />
              </lines>
            </method>
            <method name=".ctor" signature="(...)" line-rate="1" branch-rate="1" complexity="1">
              <lines>
                <line number="17" hits="16" branch="false" />
                <line number="18" hits="16" branch="false" />
                <line number="19" hits="16" branch="false" />
                <line number="20" hits="16" branch="false" />
              </lines>
            </method>
          </methods>
          <lines>
            <line number="17" hits="16" branch="false" />
            <line number="18" hits="16" branch="false" />
            <line number="19" hits="16" branch="false" />
            <line number="20" hits="16" branch="false" />
            <line number="25" hits="6" branch="false" />
            <line number="26" hits="6" branch="true" condition-coverage="100% (2/2)" />
            <line number="27" hits="1" branch="false" />
            <line number="28" hits="1" branch="false" />
            <line number="31" hits="5" branch="false" />
            <line number="33" hits="5" branch="false" />
            <line number="34" hits="6" branch="false" />
            <line number="39" hits="5" branch="false" />
            <line number="40" hits="5" branch="true" condition-coverage="100% (2/2)" />
            <line number="41" hits="1" branch="false" />
            <line number="42" hits="1" branch="false" />
            <line number="45" hits="4" branch="false" />
            <line number="47" hits="4" branch="false" />
            <line number="48" hits="5" branch="false" />
            <line number="53" hits="5" branch="false" />
            <line number="54" hits="5" branch="false" />
            <line number="56" hits="5" branch="true" condition-coverage="100% (2/2)" />
            <line number="57" hits="5" branch="false" />
          </lines>
        </class>
        <class name="DescartesJsonDiff.Models.ApiInput" filename="C:\Development\DescartesJsonDiff\Models\ApiInput.cs" line-rate="1" branch-rate="1" complexity="1">
          <methods>
            <method name="get_data" signature="()" line-rate="1" branch-rate="1" complexity="1">
              <lines>
                <line number="10" hits="96" branch="false" />
              </lines>
            </method>
          </methods>
          <lines>
            <line number="10" hits="96" branch="false" />
          </lines>
        </class>
        <class name="DescartesJsonDiff.Models.ApiResponse" filename="C:\Development\DescartesJsonDiff\Models\ApiResponse.cs" line-rate="1" branch-rate="1" complexity="2">
          <methods>
            <method name="get_DiffResultType" signature="()" line-rate="1" branch-rate="1" complexity="1">
              <lines>
                <line number="10" hits="24" branch="false" />
              </lines>
            </method>
            <method name="get_Diffs" signature="()" line-rate="1" branch-rate="1" complexity="1">
              <lines>
                <line number="11" hits="19" branch="false" />
              </lines>
            </method>
          </methods>
          <lines>
            <line number="10" hits="24" branch="false" />
            <line number="11" hits="19" branch="false" />
          </lines>
        </class>
        <class name="DescartesJsonDiff.Models.Differential" filename="C:\Development\DescartesJsonDiff\Models\Differential.cs" line-rate="1" branch-rate="1" complexity="2">
          <methods>
            <method name="get_Offset" signature="()" line-rate="1" branch-rate="1" complexity="1">
              <lines>
                <line number="10" hits="21" branch="false" />
              </lines>
            </method>
            <method name="get_Length" signature="()" line-rate="1" branch-rate="1" complexity="1">
              <lines>
                <line number="11" hits="21" branch="false" />
              </lines>
            </method>
          </methods>
          <lines>
            <line number="10" hits="21" branch="false" />
            <line number="11" hits="21" branch="false" />
          </lines>
        </class>
        <class name="DescartesJsonDiff.Models.InMemoryCache" filename="C:\Development\DescartesJsonDiff\Models\InMemoryCache.cs" line-rate="1" branch-rate="1" complexity="3">
          <methods>
            <method name="AddToCache" signature="(...)" line-rate="1" branch-rate="1" complexity="1">
              <lines>
                <line number="14" hits="12" branch="false" />
                <line number="15" hits="12" branch="false" />
                <line number="16" hits="12" branch="false" />
              </lines>
            </method>
            <method name="GetFromCache" signature="(...)" line-rate="1" branch-rate="1" complexity="1">
              <lines>
                <line number="19" hits="15" branch="false" />
                <line number="20" hits="15" branch="false" />
                <line number="21" hits="15" branch="false" />
              </lines>
            </method>
            <method name=".cctor" signature="()" line-rate="1" branch-rate="1" complexity="1">
              <lines>
                <line number="11" hits="1" branch="false" />
              </lines>
            </method>
          </methods>
          <lines>
            <line number="11" hits="1" branch="false" />
            <line number="14" hits="12" branch="false" />
            <line number="15" hits="12" branch="false" />
            <line number="16" hits="12" branch="false" />
            <line number="19" hits="15" branch="false" />
            <line number="20" hits="15" branch="false" />
            <line number="21" hits="15" branch="false" />
          </lines>
        </class>
        <class name="DescartesJsonDiff.Program" filename="C:\Development\DescartesJsonDiff\Program.cs" line-rate="1" branch-rate="1" complexity="1">
          <methods>
            <method name="CreateHostBuilder" signature="(...)" line-rate="1" branch-rate="1" complexity="1">
              <lines>
                <line number="22" hits="8" branch="false" />
                <line number="23" hits="8" branch="false" />
                <line number="24" hits="8" branch="false" />
                <line number="25" hits="8" branch="false" />
                <line number="26" hits="16" branch="false" />
              </lines>
            </method>
          </methods>
          <lines>
            <line number="22" hits="8" branch="false" />
            <line number="23" hits="8" branch="false" />
            <line number="24" hits="8" branch="false" />
            <line number="25" hits="8" branch="false" />
            <line number="26" hits="16" branch="false" />
          </lines>
        </class>
        <class name="DescartesJsonDiff.Services.DifferentialService" filename="C:\Development\DescartesJsonDiff\Services\DifferentialService.cs" line-rate="1" branch-rate="1" complexity="15">
          <methods>
            <method name="CreateJsonData" signature="(...)" line-rate="1" branch-rate="1" complexity="1">
              <lines>
                <line number="24" hits="12" branch="false" />
                <line number="26" hits="12" branch="false" />
                <line number="28" hits="12" branch="false" />
                <line number="29" hits="12" branch="false" />
              </lines>
            </method>
            <method name="GetJsonDiff" signature="(...)" line-rate="1" branch-rate="1" complexity="14">
              <lines>
                <line number="37" hits="6" branch="false" />
                <line number="39" hits="6" branch="false" />
                <line number="40" hits="6" branch="false" />
                <line number="42" hits="6" branch="true" condition-coverage="100% (4/4)" />
                <line number="43" hits="3" branch="false" />
                <line number="44" hits="3" branch="false" />
                <line number="48" hits="3" branch="true" condition-coverage="100% (2/2)" />
                <line number="49" hits="1" branch="false" />
                <line number="50" hits="1" branch="false" />
                <line number="51" hits="1" branch="false" />
                <line number="52" hits="1" branch="false" />
                <line number="53" hits="1" branch="false" />
                <line number="57" hits="2" branch="true" condition-coverage="100% (2/2)" />
                <line number="58" hits="1" branch="false" />
                <line number="59" hits="1" branch="false" />
                <line number="60" hits="1" branch="false" />
                <line number="61" hits="1" branch="false" />
                <line number="62" hits="1" branch="false" />
                <line number="66" hits="1" branch="false" />
                <line number="67" hits="1" branch="false" />
                <line number="70" hits="10" branch="true" condition-coverage="100% (2/2)" />
                <line number="71" hits="4" branch="false" />
                <line number="72" hits="4" branch="true" condition-coverage="100% (2/2)" />
                <line number="73" hits="3" branch="false" />
                <line number="75" hits="3" branch="true" condition-coverage="100% (2/2)" />
                <line number="76" hits="3" branch="false" />
                <line number="77" hits="3" branch="false" />
                <line number="78" hits="3" branch="false" />
                <line number="79" hits="3" branch="false" />
                <line number="81" hits="3" branch="false" />
                <line number="82" hits="3" branch="false" />
                <line number="83" hits="4" branch="false" />
                <line number="85" hits="1" branch="false" />
                <line number="86" hits="1" branch="false" />
                <line number="87" hits="1" branch="false" />
                <line number="88" hits="1" branch="false" />
                <line number="89" hits="1" branch="false" />
                <line number="90" hits="6" branch="false" />
              </lines>
            </method>
          </methods>
          <lines>
            <line number="24" hits="12" branch="false" />
            <line number="26" hits="12" branch="false" />
            <line number="28" hits="12" branch="false" />
            <line number="29" hits="12" branch="false" />
            <line number="37" hits="6" branch="false" />
            <line number="39" hits="6" branch="false" />
            <line number="40" hits="6" branch="false" />
            <line number="42" hits="6" branch="true" condition-coverage="100% (4/4)" />
            <line number="43" hits="3" branch="false" />
            <line number="44" hits="3" branch="false" />
            <line number="48" hits="3" branch="true" condition-coverage="100% (2/2)" />
            <line number="49" hits="1" branch="false" />
            <line number="50" hits="1" branch="false" />
            <line number="51" hits="1" branch="false" />
            <line number="52" hits="1" branch="false" />
            <line number="53" hits="1" branch="false" />
            <line number="57" hits="2" branch="true" condition-coverage="100% (2/2)" />
            <line number="58" hits="1" branch="false" />
            <line number="59" hits="1" branch="false" />
            <line number="60" hits="1" branch="false" />
            <line number="61" hits="1" branch="false" />
            <line number="62" hits="1" branch="false" />
            <line number="66" hits="1" branch="false" />
            <line number="67" hits="1" branch="false" />
            <line number="70" hits="10" branch="true" condition-coverage="100% (2/2)" />
            <line number="71" hits="4" branch="false" />
            <line number="72" hits="4" branch="true" condition-coverage="100% (2/2)" />
            <line number="73" hits="3" branch="false" />
            <line number="75" hits="3" branch="true" condition-coverage="100% (2/2)" />
            <line number="76" hits="3" branch="false" />
            <line number="77" hits="3" branch="false" />
            <line number="78" hits="3" branch="false" />
            <line number="79" hits="3" branch="false" />
            <line number="81" hits="3" branch="false" />
            <line number="82" hits="3" branch="false" />
            <line number="83" hits="4" branch="false" />
            <line number="85" hits="1" branch="false" />
            <line number="86" hits="1" branch="false" />
            <line number="87" hits="1" branch="false" />
            <line number="88" hits="1" branch="false" />
            <line number="89" hits="1" branch="false" />
            <line number="90" hits="6" branch="false" />
          </lines>
        </class>
        <class name="DescartesJsonDiff.Startup" filename="C:\Development\DescartesJsonDiff\Startup.cs" line-rate="1" branch-rate="1" complexity="3">
          <methods>
            <method name="ConfigureServices" signature="(...)" line-rate="1" branch-rate="1" complexity="1">
              <lines>
                <line number="25" hits="8" branch="false" />
                <line number="26" hits="8" branch="false" />
                <line number="28" hits="8" branch="false" />
                <line number="30" hits="8" branch="false" />
                <line number="31" hits="8" branch="false" />
                <line number="32" hits="8" branch="false" />
                <line number="33" hits="16" branch="false" />
                <line number="34" hits="8" branch="false" />
              </lines>
            </method>
            <method name="Configure" signature="(...)" line-rate="1" branch-rate="1" complexity="2">
              <lines>
                <line number="38" hits="8" branch="false" />
                <line number="39" hits="8" branch="true" condition-coverage="100% (2/2)" />
                <line number="40" hits="8" branch="false" />
                <line number="41" hits="8" branch="false" />
                <line number="42" hits="8" branch="false" />
                <line number="44" hits="8" branch="false" />
                <line number="47" hits="8" branch="false" />
                <line number="48" hits="8" branch="false" />
                <line number="49" hits="8" branch="false" />
                <line number="50" hits="16" branch="false" />
                <line number="52" hits="8" branch="false" />
                <line number="54" hits="8" branch="false" />
                <line number="56" hits="8" branch="false" />
                <line number="58" hits="8" branch="false" />
                <line number="59" hits="8" branch="false" />
                <line number="60" hits="8" branch="false" />
                <line number="61" hits="16" branch="false" />
                <line number="62" hits="8" branch="false" />
              </lines>
            </method>
          </methods>
          <lines>
            <line number="25" hits="8" branch="false" />
            <line number="26" hits="8" branch="false" />
            <line number="28" hits="8" branch="false" />
            <line number="30" hits="8" branch="false" />
            <line number="31" hits="8" branch="false" />
            <line number="32" hits="8" branch="false" />
            <line number="33" hits="16" branch="false" />
            <line number="34" hits="8" branch="false" />
            <line number="38" hits="8" branch="false" />
            <line number="39" hits="8" branch="true" condition-coverage="100% (2/2)" />
            <line number="40" hits="8" branch="false" />
            <line number="41" hits="8" branch="false" />
            <line number="42" hits="8" branch="false" />
            <line number="44" hits="8" branch="false" />
            <line number="47" hits="8" branch="false" />
            <line number="48" hits="8" branch="false" />
            <line number="49" hits="8" branch="false" />
            <line number="50" hits="16" branch="false" />
            <line number="52" hits="8" branch="false" />
            <line number="54" hits="8" branch="false" />
            <line number="56" hits="8" branch="false" />
            <line number="58" hits="8" branch="false" />
            <line number="59" hits="8" branch="false" />
            <line number="60" hits="8" branch="false" />
            <line number="61" hits="16" branch="false" />
            <line number="62" hits="8" branch="false" />
          </lines>
        </class>
      </classes>
    </package>
    <package name="DescartesJsonDiff.Testing" line-rate="0.9090909090909091" branch-rate="1" complexity="3">
      <classes>
        <class name="AutoGeneratedProgram" filename="C:\Users\bmszu\.nuget\packages\microsoft.net.test.sdk\16.11.0\build\netcoreapp2.1\Microsoft.NET.Test.Sdk.Program.cs" line-rate="0" branch-rate="1" complexity="1">
          <methods>
            <method name="Main" signature="(...)" line-rate="0" branch-rate="1" complexity="1">
              <lines>
                <line number="4" hits="0" branch="false" />
              </lines>
            </method>
          </methods>
          <lines>
            <line number="4" hits="0" branch="false" />
          </lines>
        </class>
        <class name="DescartesJsonDiff.Testing.Error" filename="C:\Development\DescartesJsonDiff.IntegrationTests\Error.cs" line-rate="1" branch-rate="1" complexity="1">
          <methods>
            <method name="get_value" signature="()" line-rate="1" branch-rate="1" complexity="1">
              <lines>
                <line number="9" hits="4" branch="false" />
              </lines>
            </method>
          </methods>
          <lines>
            <line number="9" hits="4" branch="false" />
          </lines>
        </class>
        <class name="DescartesJsonDiff.Testing.TestBase" filename="C:\Development\DescartesJsonDiff.IntegrationTests\TestBase.cs" line-rate="1" branch-rate="1" complexity="1">
          <methods>
            <method name=".ctor" signature="(...)" line-rate="1" branch-rate="1" complexity="1">
              <lines>
                <line number="15" hits="8" branch="false" />
                <line number="16" hits="8" branch="false" />
                <line number="17" hits="8" branch="false" />
                <line number="18" hits="8" branch="false" />
                <line number="19" hits="8" branch="false" />
                <line number="20" hits="16" branch="false" />
                <line number="22" hits="8" branch="false" />
                <line number="23" hits="8" branch="false" />
                <line number="24" hits="8" branch="false" />
              </lines>
            </method>
          </methods>
          <lines>
            <line number="15" hits="8" branch="false" />
            <line number="16" hits="8" branch="false" />
            <line number="17" hits="8" branch="false" />
            <line number="18" hits="8" branch="false" />
            <line number="19" hits="8" branch="false" />
            <line number="20" hits="16" branch="false" />
            <line number="22" hits="8" branch="false" />
            <line number="23" hits="8" branch="false" />
            <line number="24" hits="8" branch="false" />
          </lines>
        </class>
      </classes>
    </package>
  </packages>
</coverage>