TpTrace Verbose: 0 : 6436, 1, 2022/04/18, 08:59:32.774, 8035885241, vstest.console.dll, Version: 17.1.0-release-20220113-05
TpTrace Information: 0 : 6436, 1, 2022/04/18, 08:59:32.784, 8035960855, vstest.console.dll, FilePatternParser: The given file C:\Development\DescartesJsonDiff.IntegrationTests\bin\Debug\netcoreapp3.1\fine-code-coverage\build-output\DescartesJsonDiff.Testing.dll is a full path.
TpTrace Verbose: 0 : 6436, 1, 2022/04/18, 08:59:32.788, 8036007307, vstest.console.dll, TestPluginCache.DiscoverTestExtensions: finding test extensions in assemblies ends with: RuntimeProvider.dll TPluginInfo: Microsoft.VisualStudio.TestPlatform.Common.ExtensionFramework.Utilities.TestRuntimePluginInformation TExtension: Microsoft.VisualStudio.TestPlatform.ObjectModel.Host.ITestRuntimeProvider
TpTrace Verbose: 0 : 6436, 1, 2022/04/18, 08:59:32.789, 8036011072, vstest.console.dll, TestPluginCache.GetExtensionPaths: Filtered extension paths: 
TpTrace Verbose: 0 : 6436, 1, 2022/04/18, 08:59:32.789, 8036011820, vstest.console.dll, TestPluginCache.GetExtensionPaths: Added default extension paths: C:\Program Files\dotnet\sdk\6.0.202\Extensions\DumpMinitool.exe
C:\Program Files\dotnet\sdk\6.0.202\Extensions\DumpMinitool.x86.exe
C:\Program Files\dotnet\sdk\6.0.202\Extensions\Microsoft.Diagnostics.NETCore.Client.dll
C:\Program Files\dotnet\sdk\6.0.202\Extensions\Microsoft.TestPlatform.Extensions.BlameDataCollector.dll
C:\Program Files\dotnet\sdk\6.0.202\Extensions\Microsoft.TestPlatform.Extensions.EventLogCollector.dll
C:\Program Files\dotnet\sdk\6.0.202\Extensions\Microsoft.TestPlatform.TestHostRuntimeProvider.dll
C:\Program Files\dotnet\sdk\6.0.202\Extensions\Microsoft.VisualStudio.TestPlatform.Extensions.Html.TestLogger.dll
C:\Program Files\dotnet\sdk\6.0.202\Extensions\Microsoft.VisualStudio.TestPlatform.Extensions.Trx.TestLogger.dll
TpTrace Verbose: 0 : 6436, 1, 2022/04/18, 08:59:32.789, 8036012277, vstest.console.dll, TestPluginCache.GetExtensionPaths: Added unfilterableExtensionPaths: 
TpTrace Information: 0 : 6436, 1, 2022/04/18, 08:59:32.790, 8036018726, vstest.console.dll, AssemblyResolver.ctor: Creating AssemblyResolver with searchDirectories C:\Program Files\dotnet\sdk\6.0.202\Extensions,C:\Program Files\dotnet\sdk\6.0.202
TpTrace Verbose: 0 : 6436, 1, 2022/04/18, 08:59:32.791, 8036029722, vstest.console.dll, TestPluginCache.DiscoverTestExtensions: Discovering the extensions using extension path.
TpTrace Verbose: 0 : 6436, 1, 2022/04/18, 08:59:32.791, 8036030884, vstest.console.dll, TestPluginCache.GetExtensionPaths: Filtered extension paths: 
TpTrace Verbose: 0 : 6436, 1, 2022/04/18, 08:59:32.791, 8036031254, vstest.console.dll, TestPluginCache.GetExtensionPaths: Added default extension paths: C:\Program Files\dotnet\sdk\6.0.202\Extensions\DumpMinitool.exe
C:\Program Files\dotnet\sdk\6.0.202\Extensions\DumpMinitool.x86.exe
C:\Program Files\dotnet\sdk\6.0.202\Extensions\Microsoft.Diagnostics.NETCore.Client.dll
C:\Program Files\dotnet\sdk\6.0.202\Extensions\Microsoft.TestPlatform.Extensions.BlameDataCollector.dll
C:\Program Files\dotnet\sdk\6.0.202\Extensions\Microsoft.TestPlatform.Extensions.EventLogCollector.dll
C:\Program Files\dotnet\sdk\6.0.202\Extensions\Microsoft.TestPlatform.TestHostRuntimeProvider.dll
C:\Program Files\dotnet\sdk\6.0.202\Extensions\Microsoft.VisualStudio.TestPlatform.Extensions.Html.TestLogger.dll
C:\Program Files\dotnet\sdk\6.0.202\Extensions\Microsoft.VisualStudio.TestPlatform.Extensions.Trx.TestLogger.dll
TpTrace Verbose: 0 : 6436, 1, 2022/04/18, 08:59:32.791, 8036031621, vstest.console.dll, TestPluginCache.GetExtensionPaths: Added unfilterableExtensionPaths: 
TpTrace Verbose: 0 : 6436, 1, 2022/04/18, 08:59:32.791, 8036032128, vstest.console.dll, TestPluginCache.DiscoverTestExtensions: Discovering the extensions using allExtensionPaths: C:\Program Files\dotnet\sdk\6.0.202\Extensions\DumpMinitool.exe
C:\Program Files\dotnet\sdk\6.0.202\Extensions\DumpMinitool.x86.exe
C:\Program Files\dotnet\sdk\6.0.202\Extensions\Microsoft.Diagnostics.NETCore.Client.dll
C:\Program Files\dotnet\sdk\6.0.202\Extensions\Microsoft.TestPlatform.Extensions.BlameDataCollector.dll
C:\Program Files\dotnet\sdk\6.0.202\Extensions\Microsoft.TestPlatform.Extensions.EventLogCollector.dll
C:\Program Files\dotnet\sdk\6.0.202\Extensions\Microsoft.TestPlatform.TestHostRuntimeProvider.dll
C:\Program Files\dotnet\sdk\6.0.202\Extensions\Microsoft.VisualStudio.TestPlatform.Extensions.Html.TestLogger.dll
C:\Program Files\dotnet\sdk\6.0.202\Extensions\Microsoft.VisualStudio.TestPlatform.Extensions.Trx.TestLogger.dll
TpTrace Information: 0 : 6436, 1, 2022/04/18, 08:59:32.791, 8036033489, vstest.console.dll, AssemblyResolver.AddSearchDirectories: Adding more searchDirectories C:\Program Files\dotnet\sdk\6.0.202\Extensions,C:\Program Files\dotnet\sdk\6.0.202
TpTrace Information: 0 : 6436, 1, 2022/04/18, 08:59:32.791, 8036033969, vstest.console.dll, AssemblyResolver.AddSearchDirectories: Adding more searchDirectories C:\Program Files\dotnet\sdk\6.0.202\Extensions,C:\Program Files\dotnet\sdk\6.0.202
TpTrace Information: 0 : 6436, 1, 2022/04/18, 08:59:32.791, 8036034349, vstest.console.dll, AssemblyResolver.AddSearchDirectories: Adding more searchDirectories C:\Program Files\dotnet\sdk\6.0.202\Extensions,C:\Program Files\dotnet\sdk\6.0.202
TpTrace Information: 0 : 6436, 1, 2022/04/18, 08:59:32.791, 8036034647, vstest.console.dll, AssemblyResolver.AddSearchDirectories: Adding more searchDirectories C:\Program Files\dotnet\sdk\6.0.202\Extensions,C:\Program Files\dotnet\sdk\6.0.202
TpTrace Information: 0 : 6436, 1, 2022/04/18, 08:59:32.791, 8036034927, vstest.console.dll, AssemblyResolver.AddSearchDirectories: Adding more searchDirectories C:\Program Files\dotnet\sdk\6.0.202\Extensions,C:\Program Files\dotnet\sdk\6.0.202
TpTrace Information: 0 : 6436, 1, 2022/04/18, 08:59:32.791, 8036035207, vstest.console.dll, AssemblyResolver.AddSearchDirectories: Adding more searchDirectories C:\Program Files\dotnet\sdk\6.0.202\Extensions,C:\Program Files\dotnet\sdk\6.0.202
TpTrace Information: 0 : 6436, 1, 2022/04/18, 08:59:32.791, 8036035537, vstest.console.dll, AssemblyResolver.AddSearchDirectories: Adding more searchDirectories C:\Program Files\dotnet\sdk\6.0.202\Extensions,C:\Program Files\dotnet\sdk\6.0.202
TpTrace Information: 0 : 6436, 1, 2022/04/18, 08:59:32.791, 8036035818, vstest.console.dll, AssemblyResolver.AddSearchDirectories: Adding more searchDirectories C:\Program Files\dotnet\sdk\6.0.202\Extensions,C:\Program Files\dotnet\sdk\6.0.202
TpTrace Information: 0 : 6436, 1, 2022/04/18, 08:59:32.792, 8036038432, vstest.console.dll, AssemblyResolver.OnResolve: DumpMinitool: Resolving assembly.
TpTrace Information: 0 : 6436, 1, 2022/04/18, 08:59:32.792, 8036039003, vstest.console.dll, AssemblyResolver.OnResolve: DumpMinitool: Searching in: 'C:\Program Files\dotnet\sdk\6.0.202\Extensions'.
TpTrace Information: 0 : 6436, 1, 2022/04/18, 08:59:32.792, 8036040196, vstest.console.dll, AssemblyResolver.OnResolve: DumpMinitool: Assembly path does not exist: 'C:\Program Files\dotnet\sdk\6.0.202\Extensions\DumpMinitool.dll', returning.
TpTrace Information: 0 : 6436, 1, 2022/04/18, 08:59:32.792, 8036044755, vstest.console.dll, AssemblyResolver.OnResolve: DumpMinitool: Loading assembly 'C:\Program Files\dotnet\sdk\6.0.202\Extensions\DumpMinitool.exe'.
TpTrace Information: 0 : 6436, 1, 2022/04/18, 08:59:32.793, 8036050364, vstest.console.dll, AssemblyResolver.OnResolve: Resolved assembly: DumpMinitool, from path: C:\Program Files\dotnet\sdk\6.0.202\Extensions\DumpMinitool.exe
TpTrace Information: 0 : 6436, 1, 2022/04/18, 08:59:32.797, 8036090965, vstest.console.dll, AssemblyResolver.OnResolve: DumpMinitool.x86: Resolving assembly.
TpTrace Information: 0 : 6436, 1, 2022/04/18, 08:59:32.797, 8036091543, vstest.console.dll, AssemblyResolver.OnResolve: DumpMinitool.x86: Searching in: 'C:\Program Files\dotnet\sdk\6.0.202\Extensions'.
TpTrace Information: 0 : 6436, 1, 2022/04/18, 08:59:32.797, 8036092299, vstest.console.dll, AssemblyResolver.OnResolve: DumpMinitool.x86: Assembly path does not exist: 'C:\Program Files\dotnet\sdk\6.0.202\Extensions\DumpMinitool.x86.dll', returning.
TpTrace Information: 0 : 6436, 1, 2022/04/18, 08:59:32.797, 8036096329, vstest.console.dll, AssemblyResolver.OnResolve: DumpMinitool.x86: Loading assembly 'C:\Program Files\dotnet\sdk\6.0.202\Extensions\DumpMinitool.x86.exe'.
TpTrace Information: 0 : 6436, 1, 2022/04/18, 08:59:32.798, 8036101494, vstest.console.dll, AssemblyResolver.OnResolve: Resolved assembly: DumpMinitool.x86, from path: C:\Program Files\dotnet\sdk\6.0.202\Extensions\DumpMinitool.x86.exe
TpTrace Information: 0 : 6436, 1, 2022/04/18, 08:59:32.798, 8036104092, vstest.console.dll, AssemblyResolver.OnResolve: Microsoft.Diagnostics.NETCore.Client: Resolving assembly.
TpTrace Information: 0 : 6436, 1, 2022/04/18, 08:59:32.798, 8036104599, vstest.console.dll, AssemblyResolver.OnResolve: Microsoft.Diagnostics.NETCore.Client: Searching in: 'C:\Program Files\dotnet\sdk\6.0.202\Extensions'.
TpTrace Information: 0 : 6436, 1, 2022/04/18, 08:59:32.799, 8036108865, vstest.console.dll, AssemblyResolver.OnResolve: Microsoft.Diagnostics.NETCore.Client: Loading assembly 'C:\Program Files\dotnet\sdk\6.0.202\Extensions\Microsoft.Diagnostics.NETCore.Client.dll'.
TpTrace Information: 0 : 6436, 1, 2022/04/18, 08:59:32.799, 8036116059, vstest.console.dll, AssemblyResolver.OnResolve: Resolved assembly: Microsoft.Diagnostics.NETCore.Client, from path: C:\Program Files\dotnet\sdk\6.0.202\Extensions\Microsoft.Diagnostics.NETCore.Client.dll
TpTrace Information: 0 : 6436, 1, 2022/04/18, 08:59:32.802, 8036144956, vstest.console.dll, AssemblyResolver.OnResolve: Microsoft.Bcl.AsyncInterfaces: Resolving assembly.
TpTrace Information: 0 : 6436, 1, 2022/04/18, 08:59:32.802, 8036145618, vstest.console.dll, AssemblyResolver.OnResolve: Microsoft.Bcl.AsyncInterfaces: Searching in: 'C:\Program Files\dotnet\sdk\6.0.202\Extensions'.
TpTrace Information: 0 : 6436, 1, 2022/04/18, 08:59:32.802, 8036146385, vstest.console.dll, AssemblyResolver.OnResolve: Microsoft.Bcl.AsyncInterfaces: Assembly path does not exist: 'C:\Program Files\dotnet\sdk\6.0.202\Extensions\Microsoft.Bcl.AsyncInterfaces.dll', returning.
TpTrace Information: 0 : 6436, 1, 2022/04/18, 08:59:32.802, 8036147112, vstest.console.dll, AssemblyResolver.OnResolve: Microsoft.Bcl.AsyncInterfaces: Assembly path does not exist: 'C:\Program Files\dotnet\sdk\6.0.202\Extensions\Microsoft.Bcl.AsyncInterfaces.exe', returning.
TpTrace Information: 0 : 6436, 1, 2022/04/18, 08:59:32.803, 8036147414, vstest.console.dll, AssemblyResolver.OnResolve: Microsoft.Bcl.AsyncInterfaces: Searching in: 'C:\Program Files\dotnet\sdk\6.0.202'.
TpTrace Information: 0 : 6436, 1, 2022/04/18, 08:59:32.803, 8036148011, vstest.console.dll, AssemblyResolver.OnResolve: Microsoft.Bcl.AsyncInterfaces: Assembly path does not exist: 'C:\Program Files\dotnet\sdk\6.0.202\Microsoft.Bcl.AsyncInterfaces.dll', returning.
TpTrace Information: 0 : 6436, 1, 2022/04/18, 08:59:32.803, 8036148584, vstest.console.dll, AssemblyResolver.OnResolve: Microsoft.Bcl.AsyncInterfaces: Assembly path does not exist: 'C:\Program Files\dotnet\sdk\6.0.202\Microsoft.Bcl.AsyncInterfaces.exe', returning.
TpTrace Information: 0 : 6436, 1, 2022/04/18, 08:59:32.803, 8036148931, vstest.console.dll, AssemblyResolver.OnResolve: Microsoft.Bcl.AsyncInterfaces: Failed to load assembly.
TpTrace Verbose: 0 : 6436, 1, 2022/04/18, 08:59:32.803, 8036149590, vstest.console.dll, CurrentDomainAssemblyResolve: Resolving assembly 'Microsoft.Bcl.AsyncInterfaces'.
TpTrace Information: 0 : 6436, 1, 2022/04/18, 08:59:32.803, 8036150100, vstest.console.dll, AssemblyResolver.OnResolve: Microsoft.Bcl.AsyncInterfaces: Resolving assembly.
TpTrace Information: 0 : 6436, 1, 2022/04/18, 08:59:32.803, 8036150465, vstest.console.dll, AssemblyResolver.OnResolve: Microsoft.Bcl.AsyncInterfaces: Resolved from cache.
TpTrace Verbose: 0 : 6436, 1, 2022/04/18, 08:59:32.803, 8036150764, vstest.console.dll, CurrentDomainAssemblyResolve: Resolving assembly 'Microsoft.Bcl.AsyncInterfaces'.
TpTrace Verbose: 0 : 6436, 1, 2022/04/18, 08:59:32.803, 8036151162, vstest.console.dll, CurrentDomainAssemblyResolve: Failed to resolve assembly 'Microsoft.Bcl.AsyncInterfaces'.
TpTrace Verbose: 0 : 6436, 1, 2022/04/18, 08:59:32.803, 8036155719, vstest.console.dll, CurrentDomainAssemblyResolve: Failed to resolve assembly 'Microsoft.Bcl.AsyncInterfaces'.
TpTrace Warning: 0 : 6436, 1, 2022/04/18, 08:59:32.816, 8036286187, vstest.console.dll, TestPluginDiscoverer: Failed to get types from assembly 'Microsoft.Diagnostics.NETCore.Client, Version=0.2.5.801, Culture=neutral, PublicKeyToken=31bf3856ad364e35'.  Skipping test extension scan for this assembly.  Error: System.Reflection.ReflectionTypeLoadException: Unable to load one or more of the requested types.
Could not load file or assembly 'Microsoft.Bcl.AsyncInterfaces, Version=1.0.0.0, Culture=neutral, PublicKeyToken=cc7b13ffcd2ddd51'. The system cannot find the file specified.
   at System.Reflection.RuntimeModule.GetTypes(RuntimeModule module)
   at System.Reflection.Assembly.GetTypes()
   at Microsoft.VisualStudio.TestPlatform.Common.ExtensionFramework.TestPluginDiscoverer.GetTestExtensionsFromAssembly[TPluginInfo,TExtension](Assembly assembly, Dictionary`2 pluginInfos)
System.IO.FileNotFoundException: Could not load file or assembly 'Microsoft.Bcl.AsyncInterfaces, Version=1.0.0.0, Culture=neutral, PublicKeyToken=cc7b13ffcd2ddd51'. The system cannot find the file specified.
File name: 'Microsoft.Bcl.AsyncInterfaces, Version=1.0.0.0, Culture=neutral, PublicKeyToken=cc7b13ffcd2ddd51'
 ---> System.IO.FileNotFoundException: Could not load file or assembly 'Microsoft.Bcl.AsyncInterfaces, Culture=neutral, PublicKeyToken=null'. The system cannot find the file specified.
File name: 'Microsoft.Bcl.AsyncInterfaces, Culture=neutral, PublicKeyToken=null'
   at System.Reflection.RuntimeAssembly.InternalLoad(ObjectHandleOnStack assemblyName, ObjectHandleOnStack requestingAssembly, StackCrawlMarkHandle stackMark, Boolean throwOnFileNotFound, ObjectHandleOnStack assemblyLoadContext, ObjectHandleOnStack retAssembly)
   at System.Reflection.RuntimeAssembly.InternalLoad(AssemblyName assemblyName, RuntimeAssembly requestingAssembly, StackCrawlMark& stackMark, Boolean throwOnFileNotFound, AssemblyLoadContext assemblyLoadContext)
   at System.Reflection.Assembly.Load(AssemblyName assemblyRef)
   at Microsoft.VisualStudio.TestPlatform.Common.ExtensionFramework.TestPluginCache.CurrentDomainAssemblyResolve(Object sender, AssemblyResolveEventArgs args)
   at Microsoft.VisualStudio.TestPlatform.PlatformAbstractions.PlatformAssemblyResolver.AssemblyResolverEvent(Object sender, Object eventArgs)
   at System.Runtime.Loader.AssemblyLoadContext.GetFirstResolvedAssemblyFromResolvingEvent(AssemblyName assemblyName)
   at System.Runtime.Loader.AssemblyLoadContext.ResolveUsingEvent(AssemblyName assemblyName)
   at System.Runtime.Loader.AssemblyLoadContext.ResolveUsingResolvingEvent(IntPtr gchManagedAssemblyLoadContext, AssemblyName assemblyName)
TpTrace Warning: 0 : 6436, 1, 2022/04/18, 08:59:32.817, 8036287971, vstest.console.dll, LoaderExceptions: System.IO.FileNotFoundException: Could not load file or assembly 'Microsoft.Bcl.AsyncInterfaces, Version=1.0.0.0, Culture=neutral, PublicKeyToken=cc7b13ffcd2ddd51'. The system cannot find the file specified.
File name: 'Microsoft.Bcl.AsyncInterfaces, Version=1.0.0.0, Culture=neutral, PublicKeyToken=cc7b13ffcd2ddd51'
 ---> System.IO.FileNotFoundException: Could not load file or assembly 'Microsoft.Bcl.AsyncInterfaces, Culture=neutral, PublicKeyToken=null'. The system cannot find the file specified.
File name: 'Microsoft.Bcl.AsyncInterfaces, Culture=neutral, PublicKeyToken=null'
   at System.Reflection.RuntimeAssembly.InternalLoad(ObjectHandleOnStack assemblyName, ObjectHandleOnStack requestingAssembly, StackCrawlMarkHandle stackMark, Boolean throwOnFileNotFound, ObjectHandleOnStack assemblyLoadContext, ObjectHandleOnStack retAssembly)
   at System.Reflection.RuntimeAssembly.InternalLoad(AssemblyName assemblyName, RuntimeAssembly requestingAssembly, StackCrawlMark& stackMark, Boolean throwOnFileNotFound, AssemblyLoadContext assemblyLoadContext)
   at System.Reflection.Assembly.Load(AssemblyName assemblyRef)
   at Microsoft.VisualStudio.TestPlatform.Common.ExtensionFramework.TestPluginCache.CurrentDomainAssemblyResolve(Object sender, AssemblyResolveEventArgs args)
   at Microsoft.VisualStudio.TestPlatform.PlatformAbstractions.PlatformAssemblyResolver.AssemblyResolverEvent(Object sender, Object eventArgs)
   at System.Runtime.Loader.AssemblyLoadContext.GetFirstResolvedAssemblyFromResolvingEvent(AssemblyName assemblyName)
   at System.Runtime.Loader.AssemblyLoadContext.ResolveUsingEvent(AssemblyName assemblyName)
   at System.Runtime.Loader.AssemblyLoadContext.ResolveUsingResolvingEvent(IntPtr gchManagedAssemblyLoadContext, AssemblyName assemblyName)
TpTrace Information: 0 : 6436, 1, 2022/04/18, 08:59:32.817, 8036289527, vstest.console.dll, AssemblyResolver.OnResolve: Microsoft.TestPlatform.Extensions.BlameDataCollector: Resolving assembly.
TpTrace Information: 0 : 6436, 1, 2022/04/18, 08:59:32.817, 8036289932, vstest.console.dll, AssemblyResolver.OnResolve: Microsoft.TestPlatform.Extensions.BlameDataCollector: Searching in: 'C:\Program Files\dotnet\sdk\6.0.202\Extensions'.
TpTrace Information: 0 : 6436, 1, 2022/04/18, 08:59:32.817, 8036294249, vstest.console.dll, AssemblyResolver.OnResolve: Microsoft.TestPlatform.Extensions.BlameDataCollector: Loading assembly 'C:\Program Files\dotnet\sdk\6.0.202\Extensions\Microsoft.TestPlatform.Extensions.BlameDataCollector.dll'.
TpTrace Information: 0 : 6436, 1, 2022/04/18, 08:59:32.818, 8036299826, vstest.console.dll, AssemblyResolver.OnResolve: Resolved assembly: Microsoft.TestPlatform.Extensions.BlameDataCollector, from path: C:\Program Files\dotnet\sdk\6.0.202\Extensions\Microsoft.TestPlatform.Extensions.BlameDataCollector.dll
TpTrace Information: 0 : 6436, 1, 2022/04/18, 08:59:32.818, 8036304828, vstest.console.dll, AssemblyResolver.OnResolve: Microsoft.TestPlatform.Extensions.EventLogCollector: Resolving assembly.
TpTrace Information: 0 : 6436, 1, 2022/04/18, 08:59:32.818, 8036305312, vstest.console.dll, AssemblyResolver.OnResolve: Microsoft.TestPlatform.Extensions.EventLogCollector: Searching in: 'C:\Program Files\dotnet\sdk\6.0.202\Extensions'.
TpTrace Information: 0 : 6436, 1, 2022/04/18, 08:59:32.819, 8036309428, vstest.console.dll, AssemblyResolver.OnResolve: Microsoft.TestPlatform.Extensions.EventLogCollector: Loading assembly 'C:\Program Files\dotnet\sdk\6.0.202\Extensions\Microsoft.TestPlatform.Extensions.EventLogCollector.dll'.
TpTrace Information: 0 : 6436, 1, 2022/04/18, 08:59:32.819, 8036313956, vstest.console.dll, AssemblyResolver.OnResolve: Resolved assembly: Microsoft.TestPlatform.Extensions.EventLogCollector, from path: C:\Program Files\dotnet\sdk\6.0.202\Extensions\Microsoft.TestPlatform.Extensions.EventLogCollector.dll
TpTrace Information: 0 : 6436, 1, 2022/04/18, 08:59:32.820, 8036323345, vstest.console.dll, AssemblyResolver.OnResolve: Microsoft.TestPlatform.TestHostRuntimeProvider: Resolving assembly.
TpTrace Information: 0 : 6436, 1, 2022/04/18, 08:59:32.820, 8036323889, vstest.console.dll, AssemblyResolver.OnResolve: Microsoft.TestPlatform.TestHostRuntimeProvider: Searching in: 'C:\Program Files\dotnet\sdk\6.0.202\Extensions'.
TpTrace Information: 0 : 6436, 1, 2022/04/18, 08:59:32.821, 8036327470, vstest.console.dll, AssemblyResolver.OnResolve: Microsoft.TestPlatform.TestHostRuntimeProvider: Loading assembly 'C:\Program Files\dotnet\sdk\6.0.202\Extensions\Microsoft.TestPlatform.TestHostRuntimeProvider.dll'.
TpTrace Information: 0 : 6436, 1, 2022/04/18, 08:59:32.821, 8036332612, vstest.console.dll, AssemblyResolver.OnResolve: Resolved assembly: Microsoft.TestPlatform.TestHostRuntimeProvider, from path: C:\Program Files\dotnet\sdk\6.0.202\Extensions\Microsoft.TestPlatform.TestHostRuntimeProvider.dll
TpTrace Information: 0 : 6436, 1, 2022/04/18, 08:59:32.822, 8036342220, vstest.console.dll, AssemblyResolver.OnResolve: Microsoft.VisualStudio.TestPlatform.Extensions.Html.TestLogger: Resolving assembly.
TpTrace Information: 0 : 6436, 1, 2022/04/18, 08:59:32.822, 8036342740, vstest.console.dll, AssemblyResolver.OnResolve: Microsoft.VisualStudio.TestPlatform.Extensions.Html.TestLogger: Searching in: 'C:\Program Files\dotnet\sdk\6.0.202\Extensions'.
TpTrace Information: 0 : 6436, 1, 2022/04/18, 08:59:32.822, 8036346313, vstest.console.dll, AssemblyResolver.OnResolve: Microsoft.VisualStudio.TestPlatform.Extensions.Html.TestLogger: Loading assembly 'C:\Program Files\dotnet\sdk\6.0.202\Extensions\Microsoft.VisualStudio.TestPlatform.Extensions.Html.TestLogger.dll'.
TpTrace Information: 0 : 6436, 1, 2022/04/18, 08:59:32.823, 8036351165, vstest.console.dll, AssemblyResolver.OnResolve: Resolved assembly: Microsoft.VisualStudio.TestPlatform.Extensions.Html.TestLogger, from path: C:\Program Files\dotnet\sdk\6.0.202\Extensions\Microsoft.VisualStudio.TestPlatform.Extensions.Html.TestLogger.dll
TpTrace Information: 0 : 6436, 1, 2022/04/18, 08:59:32.823, 8036353939, vstest.console.dll, AssemblyResolver.OnResolve: Microsoft.VisualStudio.TestPlatform.Extensions.Trx.TestLogger: Resolving assembly.
TpTrace Information: 0 : 6436, 1, 2022/04/18, 08:59:32.823, 8036354377, vstest.console.dll, AssemblyResolver.OnResolve: Microsoft.VisualStudio.TestPlatform.Extensions.Trx.TestLogger: Searching in: 'C:\Program Files\dotnet\sdk\6.0.202\Extensions'.
TpTrace Information: 0 : 6436, 1, 2022/04/18, 08:59:32.824, 8036358064, vstest.console.dll, AssemblyResolver.OnResolve: Microsoft.VisualStudio.TestPlatform.Extensions.Trx.TestLogger: Loading assembly 'C:\Program Files\dotnet\sdk\6.0.202\Extensions\Microsoft.VisualStudio.TestPlatform.Extensions.Trx.TestLogger.dll'.
TpTrace Information: 0 : 6436, 1, 2022/04/18, 08:59:32.824, 8036362874, vstest.console.dll, AssemblyResolver.OnResolve: Resolved assembly: Microsoft.VisualStudio.TestPlatform.Extensions.Trx.TestLogger, from path: C:\Program Files\dotnet\sdk\6.0.202\Extensions\Microsoft.VisualStudio.TestPlatform.Extensions.Trx.TestLogger.dll
TpTrace Verbose: 0 : 6436, 1, 2022/04/18, 08:59:32.824, 8036367328, vstest.console.dll, TestPluginCache: Discovered the extensions using extension path ''.
TpTrace Verbose: 0 : 6436, 1, 2022/04/18, 08:59:32.825, 8036367979, vstest.console.dll, TestPluginCache: Discoverers are ''.
TpTrace Verbose: 0 : 6436, 1, 2022/04/18, 08:59:32.825, 8036368264, vstest.console.dll, TestPluginCache: Executors are ''.
TpTrace Verbose: 0 : 6436, 1, 2022/04/18, 08:59:32.825, 8036368520, vstest.console.dll, TestPluginCache: Executors2 are ''.
TpTrace Verbose: 0 : 6436, 1, 2022/04/18, 08:59:32.825, 8036368770, vstest.console.dll, TestPluginCache: Setting providers are ''.
TpTrace Verbose: 0 : 6436, 1, 2022/04/18, 08:59:32.825, 8036369017, vstest.console.dll, TestPluginCache: Loggers are ''.
TpTrace Information: 0 : 6436, 1, 2022/04/18, 08:59:32.828, 8036404045, vstest.console.dll, RunTestsArgumentProcessor:Execute: Test run is starting.
TpTrace Verbose: 0 : 6436, 1, 2022/04/18, 08:59:32.828, 8036404851, vstest.console.dll, RunTestsArgumentProcessor:Execute: Queuing Test run.
TpTrace Information: 0 : 6436, 1, 2022/04/18, 08:59:32.828, 8036406561, vstest.console.dll, TestRequestManager.RunTests: run tests started.
TpTrace Information: 0 : 6436, 1, 2022/04/18, 08:59:32.831, 8036436082, vstest.console.dll, AssemblyMetadataProvider.GetFrameWork: Determined framework:'.NETCoreApp,Version=v3.1' for source: 'C:\Development\DescartesJsonDiff.IntegrationTests\bin\Debug\netcoreapp3.1\fine-code-coverage\build-output\DescartesJsonDiff.Testing.dll'
TpTrace Information: 0 : 6436, 1, 2022/04/18, 08:59:32.832, 8036437520, vstest.console.dll, Determined framework for all sources: .NETCoreApp,Version=v3.1
TpTrace Verbose: 0 : 6436, 1, 2022/04/18, 08:59:32.832, 8036439910, vstest.console.dll, Default architecture: X64 IsDefaultTargetArchitecture: True
TpTrace Information: 0 : 6436, 1, 2022/04/18, 08:59:32.832, 8036443808, vstest.console.dll, AssemblyMetadataProvider.GetArchitecture: Determined architecture:AnyCPU info for assembly: C:\Development\DescartesJsonDiff.IntegrationTests\bin\Debug\netcoreapp3.1\fine-code-coverage\build-output\DescartesJsonDiff.Testing.dll
TpTrace Information: 0 : 6436, 1, 2022/04/18, 08:59:32.832, 8036444495, vstest.console.dll, Determined platform for source 'C:\Development\DescartesJsonDiff.IntegrationTests\bin\Debug\netcoreapp3.1\fine-code-coverage\build-output\DescartesJsonDiff.Testing.dll' is 'AnyCPU'
TpTrace Information: 0 : 6436, 1, 2022/04/18, 08:59:32.834, 8036459609, vstest.console.dll, Determined platform for all sources: X64
TpTrace Information: 0 : 6436, 1, 2022/04/18, 08:59:32.834, 8036460277, vstest.console.dll, Infered platform 'X64'.
TpTrace Information: 0 : 6436, 1, 2022/04/18, 08:59:32.834, 8036460624, vstest.console.dll, Platform update to 'X64' required.
TpTrace Information: 0 : 6436, 1, 2022/04/18, 08:59:32.836, 8036481476, vstest.console.dll, Compatible sources list : 
TpTrace Information: 0 : 6436, 1, 2022/04/18, 08:59:32.836, 8036482236, vstest.console.dll, C:\Development\DescartesJsonDiff.IntegrationTests\bin\Debug\netcoreapp3.1\fine-code-coverage\build-output\DescartesJsonDiff.Testing.dll
TpTrace Information: 0 : 6436, 1, 2022/04/18, 08:59:32.838, 8036502152, vstest.console.dll, InferRunSettingsHelper.IsTestSettingsEnabled: Unable to navigate to RunSettings/MSTest. Current node: RunSettings
TpTrace Information: 0 : 6436, 1, 2022/04/18, 08:59:32.839, 8036507928, vstest.console.dll, AssemblyResolver.OnResolve: Microsoft.VisualStudio.TestPlatform.Fakes: Resolving assembly.
TpTrace Information: 0 : 6436, 1, 2022/04/18, 08:59:32.839, 8036508548, vstest.console.dll, AssemblyResolver.OnResolve: Microsoft.VisualStudio.TestPlatform.Fakes: Searching in: 'C:\Program Files\dotnet\sdk\6.0.202\Extensions'.
TpTrace Information: 0 : 6436, 1, 2022/04/18, 08:59:32.839, 8036509613, vstest.console.dll, AssemblyResolver.OnResolve: Microsoft.VisualStudio.TestPlatform.Fakes: Assembly path does not exist: 'C:\Program Files\dotnet\sdk\6.0.202\Extensions\Microsoft.VisualStudio.TestPlatform.Fakes.dll', returning.
TpTrace Information: 0 : 6436, 1, 2022/04/18, 08:59:32.839, 8036510280, vstest.console.dll, AssemblyResolver.OnResolve: Microsoft.VisualStudio.TestPlatform.Fakes: Assembly path does not exist: 'C:\Program Files\dotnet\sdk\6.0.202\Extensions\Microsoft.VisualStudio.TestPlatform.Fakes.exe', returning.
TpTrace Information: 0 : 6436, 1, 2022/04/18, 08:59:32.839, 8036510596, vstest.console.dll, AssemblyResolver.OnResolve: Microsoft.VisualStudio.TestPlatform.Fakes: Searching in: 'C:\Program Files\dotnet\sdk\6.0.202'.
TpTrace Information: 0 : 6436, 1, 2022/04/18, 08:59:32.839, 8036511279, vstest.console.dll, AssemblyResolver.OnResolve: Microsoft.VisualStudio.TestPlatform.Fakes: Assembly path does not exist: 'C:\Program Files\dotnet\sdk\6.0.202\Microsoft.VisualStudio.TestPlatform.Fakes.dll', returning.
TpTrace Information: 0 : 6436, 1, 2022/04/18, 08:59:32.839, 8036511894, vstest.console.dll, AssemblyResolver.OnResolve: Microsoft.VisualStudio.TestPlatform.Fakes: Assembly path does not exist: 'C:\Program Files\dotnet\sdk\6.0.202\Microsoft.VisualStudio.TestPlatform.Fakes.exe', returning.
TpTrace Information: 0 : 6436, 1, 2022/04/18, 08:59:32.839, 8036512201, vstest.console.dll, AssemblyResolver.OnResolve: Microsoft.VisualStudio.TestPlatform.Fakes: Failed to load assembly.
TpTrace Information: 0 : 6436, 1, 2022/04/18, 08:59:32.839, 8036514423, vstest.console.dll, Failed to load assembly Microsoft.VisualStudio.TestPlatform.Fakes, Version=17.0.0.0, Culture=neutral. Reason:System.IO.FileNotFoundException: Could not load file or assembly 'Microsoft.VisualStudio.TestPlatform.Fakes, Version=17.0.0.0, Culture=neutral, PublicKeyToken=null'. The system cannot find the file specified.
File name: 'Microsoft.VisualStudio.TestPlatform.Fakes, Version=17.0.0.0, Culture=neutral, PublicKeyToken=null'
   at System.Reflection.RuntimeAssembly.InternalLoad(ObjectHandleOnStack assemblyName, ObjectHandleOnStack requestingAssembly, StackCrawlMarkHandle stackMark, Boolean throwOnFileNotFound, ObjectHandleOnStack assemblyLoadContext, ObjectHandleOnStack retAssembly)
   at System.Reflection.RuntimeAssembly.InternalLoad(AssemblyName assemblyName, RuntimeAssembly requestingAssembly, StackCrawlMark& stackMark, Boolean throwOnFileNotFound, AssemblyLoadContext assemblyLoadContext)
   at System.Reflection.Assembly.Load(AssemblyName assemblyRef)
   at Microsoft.VisualStudio.TestPlatform.Common.Utilities.FakesUtilities.LoadTestPlatformAssembly()
TpTrace Verbose: 0 : 6436, 1, 2022/04/18, 08:59:32.843, 8036547433, vstest.console.dll, TestPluginCache.DiscoverTestExtensions: finding test extensions in assemblies ends with: TestLogger.dll TPluginInfo: Microsoft.VisualStudio.TestPlatform.Common.ExtensionFramework.Utilities.TestLoggerPluginInformation TExtension: Microsoft.VisualStudio.TestPlatform.ObjectModel.Client.ITestLogger
TpTrace Verbose: 0 : 6436, 1, 2022/04/18, 08:59:32.843, 8036548291, vstest.console.dll, TestPluginCache.GetExtensionPaths: Filtered extension paths: 
TpTrace Verbose: 0 : 6436, 1, 2022/04/18, 08:59:32.843, 8036548638, vstest.console.dll, TestPluginCache.GetExtensionPaths: Added default extension paths: C:\Program Files\dotnet\sdk\6.0.202\Extensions\DumpMinitool.exe
C:\Program Files\dotnet\sdk\6.0.202\Extensions\DumpMinitool.x86.exe
C:\Program Files\dotnet\sdk\6.0.202\Extensions\Microsoft.Diagnostics.NETCore.Client.dll
C:\Program Files\dotnet\sdk\6.0.202\Extensions\Microsoft.TestPlatform.Extensions.BlameDataCollector.dll
C:\Program Files\dotnet\sdk\6.0.202\Extensions\Microsoft.TestPlatform.Extensions.EventLogCollector.dll
C:\Program Files\dotnet\sdk\6.0.202\Extensions\Microsoft.TestPlatform.TestHostRuntimeProvider.dll
C:\Program Files\dotnet\sdk\6.0.202\Extensions\Microsoft.VisualStudio.TestPlatform.Extensions.Html.TestLogger.dll
C:\Program Files\dotnet\sdk\6.0.202\Extensions\Microsoft.VisualStudio.TestPlatform.Extensions.Trx.TestLogger.dll
TpTrace Verbose: 0 : 6436, 1, 2022/04/18, 08:59:32.843, 8036548988, vstest.console.dll, TestPluginCache.GetExtensionPaths: Added unfilterableExtensionPaths: 
TpTrace Information: 0 : 6436, 1, 2022/04/18, 08:59:32.843, 8036550226, vstest.console.dll, AssemblyResolver.AddSearchDirectories: Adding more searchDirectories C:\Program Files\dotnet\sdk\6.0.202\Extensions,C:\Program Files\dotnet\sdk\6.0.202
TpTrace Verbose: 0 : 6436, 1, 2022/04/18, 08:59:32.843, 8036550612, vstest.console.dll, TestPluginCache.DiscoverTestExtensions: Discovering the extensions using extension path.
TpTrace Verbose: 0 : 6436, 1, 2022/04/18, 08:59:32.843, 8036550988, vstest.console.dll, TestPluginCache.GetExtensionPaths: Filtered extension paths: 
TpTrace Verbose: 0 : 6436, 1, 2022/04/18, 08:59:32.843, 8036551264, vstest.console.dll, TestPluginCache.GetExtensionPaths: Added default extension paths: C:\Program Files\dotnet\sdk\6.0.202\Extensions\DumpMinitool.exe
C:\Program Files\dotnet\sdk\6.0.202\Extensions\DumpMinitool.x86.exe
C:\Program Files\dotnet\sdk\6.0.202\Extensions\Microsoft.Diagnostics.NETCore.Client.dll
C:\Program Files\dotnet\sdk\6.0.202\Extensions\Microsoft.TestPlatform.Extensions.BlameDataCollector.dll
C:\Program Files\dotnet\sdk\6.0.202\Extensions\Microsoft.TestPlatform.Extensions.EventLogCollector.dll
C:\Program Files\dotnet\sdk\6.0.202\Extensions\Microsoft.TestPlatform.TestHostRuntimeProvider.dll
C:\Program Files\dotnet\sdk\6.0.202\Extensions\Microsoft.VisualStudio.TestPlatform.Extensions.Html.TestLogger.dll
C:\Program Files\dotnet\sdk\6.0.202\Extensions\Microsoft.VisualStudio.TestPlatform.Extensions.Trx.TestLogger.dll
TpTrace Verbose: 0 : 6436, 1, 2022/04/18, 08:59:32.843, 8036551582, vstest.console.dll, TestPluginCache.GetExtensionPaths: Added unfilterableExtensionPaths: 
TpTrace Verbose: 0 : 6436, 1, 2022/04/18, 08:59:32.843, 8036551860, vstest.console.dll, TestPluginCache.DiscoverTestExtensions: Discovering the extensions using allExtensionPaths: C:\Program Files\dotnet\sdk\6.0.202\Extensions\DumpMinitool.exe
C:\Program Files\dotnet\sdk\6.0.202\Extensions\DumpMinitool.x86.exe
C:\Program Files\dotnet\sdk\6.0.202\Extensions\Microsoft.Diagnostics.NETCore.Client.dll
C:\Program Files\dotnet\sdk\6.0.202\Extensions\Microsoft.TestPlatform.Extensions.BlameDataCollector.dll
C:\Program Files\dotnet\sdk\6.0.202\Extensions\Microsoft.TestPlatform.Extensions.EventLogCollector.dll
C:\Program Files\dotnet\sdk\6.0.202\Extensions\Microsoft.TestPlatform.TestHostRuntimeProvider.dll
C:\Program Files\dotnet\sdk\6.0.202\Extensions\Microsoft.VisualStudio.TestPlatform.Extensions.Html.TestLogger.dll
C:\Program Files\dotnet\sdk\6.0.202\Extensions\Microsoft.VisualStudio.TestPlatform.Extensions.Trx.TestLogger.dll
TpTrace Information: 0 : 6436, 1, 2022/04/18, 08:59:32.843, 8036552757, vstest.console.dll, AssemblyResolver.AddSearchDirectories: Adding more searchDirectories C:\Program Files\dotnet\sdk\6.0.202\Extensions,C:\Program Files\dotnet\sdk\6.0.202
TpTrace Information: 0 : 6436, 1, 2022/04/18, 08:59:32.843, 8036553277, vstest.console.dll, AssemblyResolver.AddSearchDirectories: Adding more searchDirectories C:\Program Files\dotnet\sdk\6.0.202\Extensions,C:\Program Files\dotnet\sdk\6.0.202
TpTrace Information: 0 : 6436, 1, 2022/04/18, 08:59:32.843, 8036553693, vstest.console.dll, AssemblyResolver.AddSearchDirectories: Adding more searchDirectories C:\Program Files\dotnet\sdk\6.0.202\Extensions,C:\Program Files\dotnet\sdk\6.0.202
TpTrace Information: 0 : 6436, 1, 2022/04/18, 08:59:32.843, 8036554023, vstest.console.dll, AssemblyResolver.AddSearchDirectories: Adding more searchDirectories C:\Program Files\dotnet\sdk\6.0.202\Extensions,C:\Program Files\dotnet\sdk\6.0.202
TpTrace Information: 0 : 6436, 1, 2022/04/18, 08:59:32.843, 8036554299, vstest.console.dll, AssemblyResolver.AddSearchDirectories: Adding more searchDirectories C:\Program Files\dotnet\sdk\6.0.202\Extensions,C:\Program Files\dotnet\sdk\6.0.202
TpTrace Information: 0 : 6436, 1, 2022/04/18, 08:59:32.843, 8036554572, vstest.console.dll, AssemblyResolver.AddSearchDirectories: Adding more searchDirectories C:\Program Files\dotnet\sdk\6.0.202\Extensions,C:\Program Files\dotnet\sdk\6.0.202
TpTrace Information: 0 : 6436, 1, 2022/04/18, 08:59:32.843, 8036554892, vstest.console.dll, AssemblyResolver.AddSearchDirectories: Adding more searchDirectories C:\Program Files\dotnet\sdk\6.0.202\Extensions,C:\Program Files\dotnet\sdk\6.0.202
TpTrace Information: 0 : 6436, 1, 2022/04/18, 08:59:32.843, 8036555170, vstest.console.dll, AssemblyResolver.AddSearchDirectories: Adding more searchDirectories C:\Program Files\dotnet\sdk\6.0.202\Extensions,C:\Program Files\dotnet\sdk\6.0.202
TpTrace Information: 0 : 6436, 1, 2022/04/18, 08:59:32.844, 8036557560, vstest.console.dll, AssemblyResolver.OnResolve: Microsoft.Bcl.AsyncInterfaces: Resolving assembly.
TpTrace Information: 0 : 6436, 1, 2022/04/18, 08:59:32.844, 8036557920, vstest.console.dll, AssemblyResolver.OnResolve: Microsoft.Bcl.AsyncInterfaces: Resolved from cache.
TpTrace Verbose: 0 : 6436, 1, 2022/04/18, 08:59:32.844, 8036558266, vstest.console.dll, CurrentDomainAssemblyResolve: Resolving assembly 'Microsoft.Bcl.AsyncInterfaces'.
TpTrace Information: 0 : 6436, 1, 2022/04/18, 08:59:32.844, 8036558651, vstest.console.dll, AssemblyResolver.OnResolve: Microsoft.Bcl.AsyncInterfaces: Resolving assembly.
TpTrace Information: 0 : 6436, 1, 2022/04/18, 08:59:32.844, 8036558924, vstest.console.dll, AssemblyResolver.OnResolve: Microsoft.Bcl.AsyncInterfaces: Resolved from cache.
TpTrace Verbose: 0 : 6436, 1, 2022/04/18, 08:59:32.844, 8036559200, vstest.console.dll, CurrentDomainAssemblyResolve: Resolving assembly 'Microsoft.Bcl.AsyncInterfaces'.
TpTrace Verbose: 0 : 6436, 1, 2022/04/18, 08:59:32.844, 8036559457, vstest.console.dll, CurrentDomainAssemblyResolve: Failed to resolve assembly 'Microsoft.Bcl.AsyncInterfaces'.
TpTrace Verbose: 0 : 6436, 1, 2022/04/18, 08:59:32.844, 8036560707, vstest.console.dll, CurrentDomainAssemblyResolve: Failed to resolve assembly 'Microsoft.Bcl.AsyncInterfaces'.
TpTrace Warning: 0 : 6436, 1, 2022/04/18, 08:59:32.844, 8036563781, vstest.console.dll, TestPluginDiscoverer: Failed to get types from assembly 'Microsoft.Diagnostics.NETCore.Client, Version=0.2.5.801, Culture=neutral, PublicKeyToken=31bf3856ad364e35'.  Skipping test extension scan for this assembly.  Error: System.Reflection.ReflectionTypeLoadException: Unable to load one or more of the requested types.
Could not load file or assembly 'Microsoft.Bcl.AsyncInterfaces, Version=1.0.0.0, Culture=neutral, PublicKeyToken=cc7b13ffcd2ddd51'. The system cannot find the file specified.
   at System.Reflection.RuntimeModule.GetTypes(RuntimeModule module)
   at System.Reflection.Assembly.GetTypes()
   at Microsoft.VisualStudio.TestPlatform.Common.ExtensionFramework.TestPluginDiscoverer.GetTestExtensionsFromAssembly[TPluginInfo,TExtension](Assembly assembly, Dictionary`2 pluginInfos)
System.IO.FileNotFoundException: Could not load file or assembly 'Microsoft.Bcl.AsyncInterfaces, Version=1.0.0.0, Culture=neutral, PublicKeyToken=cc7b13ffcd2ddd51'. The system cannot find the file specified.
File name: 'Microsoft.Bcl.AsyncInterfaces, Version=1.0.0.0, Culture=neutral, PublicKeyToken=cc7b13ffcd2ddd51'
 ---> System.IO.FileNotFoundException: Could not load file or assembly 'Microsoft.Bcl.AsyncInterfaces, Culture=neutral, PublicKeyToken=null'. The system cannot find the file specified.
File name: 'Microsoft.Bcl.AsyncInterfaces, Culture=neutral, PublicKeyToken=null'
   at System.Reflection.RuntimeAssembly.InternalLoad(ObjectHandleOnStack assemblyName, ObjectHandleOnStack requestingAssembly, StackCrawlMarkHandle stackMark, Boolean throwOnFileNotFound, ObjectHandleOnStack assemblyLoadContext, ObjectHandleOnStack retAssembly)
   at System.Reflection.RuntimeAssembly.InternalLoad(AssemblyName assemblyName, RuntimeAssembly requestingAssembly, StackCrawlMark& stackMark, Boolean throwOnFileNotFound, AssemblyLoadContext assemblyLoadContext)
   at System.Reflection.Assembly.Load(AssemblyName assemblyRef)
   at Microsoft.VisualStudio.TestPlatform.Common.ExtensionFramework.TestPluginCache.CurrentDomainAssemblyResolve(Object sender, AssemblyResolveEventArgs args)
   at Microsoft.VisualStudio.TestPlatform.PlatformAbstractions.PlatformAssemblyResolver.AssemblyResolverEvent(Object sender, Object eventArgs)
   at System.Runtime.Loader.AssemblyLoadContext.GetFirstResolvedAssemblyFromResolvingEvent(AssemblyName assemblyName)
   at System.Runtime.Loader.AssemblyLoadContext.ResolveUsingEvent(AssemblyName assemblyName)
   at System.Runtime.Loader.AssemblyLoadContext.ResolveUsingResolvingEvent(IntPtr gchManagedAssemblyLoadContext, AssemblyName assemblyName)
TpTrace Warning: 0 : 6436, 1, 2022/04/18, 08:59:32.844, 8036565039, vstest.console.dll, LoaderExceptions: System.IO.FileNotFoundException: Could not load file or assembly 'Microsoft.Bcl.AsyncInterfaces, Version=1.0.0.0, Culture=neutral, PublicKeyToken=cc7b13ffcd2ddd51'. The system cannot find the file specified.
File name: 'Microsoft.Bcl.AsyncInterfaces, Version=1.0.0.0, Culture=neutral, PublicKeyToken=cc7b13ffcd2ddd51'
 ---> System.IO.FileNotFoundException: Could not load file or assembly 'Microsoft.Bcl.AsyncInterfaces, Culture=neutral, PublicKeyToken=null'. The system cannot find the file specified.
File name: 'Microsoft.Bcl.AsyncInterfaces, Culture=neutral, PublicKeyToken=null'
   at System.Reflection.RuntimeAssembly.InternalLoad(ObjectHandleOnStack assemblyName, ObjectHandleOnStack requestingAssembly, StackCrawlMarkHandle stackMark, Boolean throwOnFileNotFound, ObjectHandleOnStack assemblyLoadContext, ObjectHandleOnStack retAssembly)
   at System.Reflection.RuntimeAssembly.InternalLoad(AssemblyName assemblyName, RuntimeAssembly requestingAssembly, StackCrawlMark& stackMark, Boolean throwOnFileNotFound, AssemblyLoadContext assemblyLoadContext)
   at System.Reflection.Assembly.Load(AssemblyName assemblyRef)
   at Microsoft.VisualStudio.TestPlatform.Common.ExtensionFramework.TestPluginCache.CurrentDomainAssemblyResolve(Object sender, AssemblyResolveEventArgs args)
   at Microsoft.VisualStudio.TestPlatform.PlatformAbstractions.PlatformAssemblyResolver.AssemblyResolverEvent(Object sender, Object eventArgs)
   at System.Runtime.Loader.AssemblyLoadContext.GetFirstResolvedAssemblyFromResolvingEvent(AssemblyName assemblyName)
   at System.Runtime.Loader.AssemblyLoadContext.ResolveUsingEvent(AssemblyName assemblyName)
   at System.Runtime.Loader.AssemblyLoadContext.ResolveUsingResolvingEvent(IntPtr gchManagedAssemblyLoadContext, AssemblyName assemblyName)
TpTrace Verbose: 0 : 6436, 1, 2022/04/18, 08:59:32.845, 8036567849, vstest.console.dll, TestPluginCache: Discovered the extensions using extension path ''.
TpTrace Verbose: 0 : 6436, 1, 2022/04/18, 08:59:32.845, 8036568226, vstest.console.dll, TestPluginCache: Discoverers are ''.
TpTrace Verbose: 0 : 6436, 1, 2022/04/18, 08:59:32.845, 8036568488, vstest.console.dll, TestPluginCache: Executors are ''.
TpTrace Verbose: 0 : 6436, 1, 2022/04/18, 08:59:32.845, 8036568732, vstest.console.dll, TestPluginCache: Executors2 are ''.
TpTrace Verbose: 0 : 6436, 1, 2022/04/18, 08:59:32.845, 8036568971, vstest.console.dll, TestPluginCache: Setting providers are ''.
TpTrace Verbose: 0 : 6436, 1, 2022/04/18, 08:59:32.845, 8036569509, vstest.console.dll, TestPluginCache: Loggers are 'logger://Microsoft/TestPlatform/Extensions/Blame/v1,logger://Microsoft/TestPlatform/HtmlLogger/v1,logger://Microsoft/TestPlatform/TrxLogger/v1'.
TpTrace Information: 0 : 6436, 1, 2022/04/18, 08:59:32.845, 8036575723, vstest.console.dll, TestPluginManager.CreateTestExtension: Attempting to load test extension: Microsoft.TestPlatform.Extensions.BlameDataCollector.BlameLogger
TpTrace Information: 0 : 6436, 1, 2022/04/18, 08:59:32.850, 8036621112, vstest.console.dll, TestPluginManager.CreateTestExtension: Attempting to load test extension: Microsoft.VisualStudio.TestPlatform.CrossPlatEngine.Hosting.DefaultTestHostManager
TpTrace Information: 0 : 6436, 1, 2022/04/18, 08:59:32.851, 8036634778, vstest.console.dll, TestPluginManager.CreateTestExtension: Attempting to load test extension: Microsoft.VisualStudio.TestPlatform.CrossPlatEngine.Hosting.DotnetTestHostManager
TpTrace Verbose: 0 : 6436, 1, 2022/04/18, 08:59:32.852, 8036639361, vstest.console.dll, TestEngine: Initializing Parallel Execution as MaxCpuCount is set to: 1
TpTrace Information: 0 : 6436, 1, 2022/04/18, 08:59:32.852, 8036643808, vstest.console.dll, InferRunSettingsHelper.IsTestSettingsEnabled: Unable to navigate to RunSettings/MSTest. Current node: RunSettings
TpTrace Verbose: 0 : 6436, 1, 2022/04/18, 08:59:32.863, 8036756332, vstest.console.dll, TestRequestSender is acting as server
TpTrace Verbose: 0 : 6436, 5, 2022/04/18, 08:59:32.867, 8036790625, vstest.console.dll, DataCollectionRequestSender.InitializeCommunication : Initialize communication. 
TpTrace Information: 0 : 6436, 5, 2022/04/18, 08:59:32.881, 8036934038, vstest.console.dll, Listening on Endpoint : 127.0.0.1:53773
TpTrace Verbose: 0 : 6436, 5, 2022/04/18, 08:59:32.891, 8037030927, vstest.console.dll, DotnetDataCollectionLauncher: Full path of dotnet.exe is C:\Program Files\dotnet\dotnet.exe
TpTrace Verbose: 0 : 6436, 5, 2022/04/18, 08:59:32.891, 8037032521, vstest.console.dll, DotnetDataCollectionLauncher: Adding  --runtimeconfig "C:\Program Files\dotnet\sdk\6.0.202\datacollector.runtimeconfig.json" in args
TpTrace Verbose: 0 : 6436, 5, 2022/04/18, 08:59:32.891, 8037033247, vstest.console.dll, DotnetDataCollectionLauncher: Adding  --depsfile "C:\Program Files\dotnet\sdk\6.0.202\datacollector.deps.json" in args
TpTrace Information: 0 : 6436, 5, 2022/04/18, 08:59:32.898, 8037097757, vstest.console.dll, ProxyDataCollectionManager.Initialize: Launched datacollector processId: 14852 port: 53773
TpTrace Information: 0 : 6436, 5, 2022/04/18, 08:59:32.898, 8037099007, vstest.console.dll, ProxyDataCollectionManager.Initialize: waiting for connection with timeout: 90 seconds
TpTrace Verbose: 0 : 6436, 5, 2022/04/18, 08:59:32.898, 8037099498, vstest.console.dll, DataCollectionRequestSender.WaitForRequestHandlerConnection : Waiting for connection with timeout: 90000
TpTrace Information: 0 : 6436, 8, 2022/04/18, 08:59:33.016, 8038282406, vstest.console.dll, Using the buffer size of 16384 bytes
TpTrace Verbose: 0 : 6436, 5, 2022/04/18, 08:59:33.016, 8038282945, vstest.console.dll, ProxyDataCollectionManager.InvokeDataCollectionServiceAction: Starting.
TpTrace Information: 0 : 6436, 8, 2022/04/18, 08:59:33.016, 8038283255, vstest.console.dll, Accepted Client request and set the flag
TpTrace Information: 0 : 6436, 5, 2022/04/18, 08:59:33.016, 8038284094, vstest.console.dll, ProxyDataCollectionManager.BeforeTestRunStart: Get environment variable and port for datacollector processId: 14852 port: 53773
TpTrace Verbose: 0 : 6436, 5, 2022/04/18, 08:59:33.016, 8038285219, vstest.console.dll, DataCollectionRequestSender.SendBeforeTestRunStartAndGetResult : Send BeforeTestRunStart message with settingsXml <RunSettings><RunConfiguration><ResultsDirectory>C:\Development\DescartesJsonDiff.IntegrationTests\bin\Debug\netcoreapp3.1\fine-code-coverage\coverage-tool-output</ResultsDirectory><TargetPlatform>X64</TargetPlatform><TargetFrameworkVersion>.NETCoreApp,Version=v3.1</TargetFrameworkVersion><DesignMode>False</DesignMode><CollectSourceInformation>False</CollectSourceInformation><TestAdaptersPaths>C:\Program Files\dotnet\sdk\6.0.202\Extensions</TestAdaptersPaths></RunConfiguration><LoggerRunSettings><Loggers><Logger friendlyName="blame" enabled="True" /><Logger friendlyName="Console" uri="logger://microsoft/TestPlatform/ConsoleLogger/v1" assemblyQualifiedName="Microsoft.VisualStudio.TestPlatform.CommandLine.Internal.ConsoleLogger, vstest.console, Version=15.0.0.0, Culture=neutral, PublicKeyToken=b03f5f7f11d50a3a" codeBase="C:\Program Files\dotnet\sdk\6.0.202\vstest.console.dll" enabled="True" /></Loggers></LoggerRunSettings><DataCollectionRunSettings><DataCollectors><DataCollector friendlyName="blame" enabled="True"><Configuration><ResultsDirectory>C:\Development\DescartesJsonDiff.IntegrationTests\bin\Debug\netcoreapp3.1\fine-code-coverage\coverage-tool-output</ResultsDirectory></Configuration></DataCollector></DataCollectors></DataCollectionRunSettings></RunSettings> and sources System.Linq.Enumerable+Concat2Iterator`1[System.String]: 
TpTrace Verbose: 0 : 6436, 5, 2022/04/18, 08:59:33.079, 8038913015, vstest.console.dll, DataCollectionRequestSender.SendBeforeTestRunStartAndGetResult : Received message: (DataCollection.SendMessage) -> {
  "FriendlyName": null,
  "Uri": null,
  "TestCaseId": "00000000-0000-0000-0000-000000000000",
  "Message": "Logging DataCollector Diagnostics in file: C:\\Development\\DescartesJsonDiff.IntegrationTests\\bin\\Debug\\netcoreapp3.1\\fine-code-coverage\\coverage-tool-output\\diagnostics.datacollector.22-04-18_08-59-32_88788_5.log",
  "Level": 0
}
TpTrace Verbose: 0 : 6436, 5, 2022/04/18, 08:59:33.142, 8039540371, vstest.console.dll, DataCollectionRequestSender.SendBeforeTestRunStartAndGetResult : Received message: (DataCollection.BeforeTestRunStartResult) -> {
  "EnvironmentVariables": {},
  "DataCollectionEventsPort": 49436
}
TpTrace Information: 0 : 6436, 5, 2022/04/18, 08:59:33.148, 8039604486, vstest.console.dll, ProxyDataCollectionManager.BeforeTestRunStart: SendBeforeTestRunStartAndGetResult successful, env variable from datacollector:   and testhost port: 49436
TpTrace Information: 0 : 6436, 5, 2022/04/18, 08:59:33.148, 8039605482, vstest.console.dll, ProxyDataCollectionManager.InvokeDataCollectionServiceAction: Completed.
TpTrace Verbose: 0 : 6436, 1, 2022/04/18, 08:59:33.148, 8039606706, vstest.console.dll, TestRunRequest.ExecuteAsync: Creating test run request.
TpTrace Verbose: 0 : 6436, 1, 2022/04/18, 08:59:33.149, 8039610276, vstest.console.dll, TestRunRequest.ExecuteAsync: Starting.
TpTrace Information: 0 : 6436, 1, 2022/04/18, 08:59:33.149, 8039613434, vstest.console.dll, TestRunRequest.ExecuteAsync: Starting run with settings:TestRunCriteria:
   KeepAlive=False,FrequencyOfRunStatsChangeEvent=10,RunStatsChangeEventTimeout=00:00:01.5000000,TestCaseFilter=,TestExecutorLauncher=
   Settingsxml=<RunSettings>
  <RunConfiguration>
    <ResultsDirectory>C:\Development\DescartesJsonDiff.IntegrationTests\bin\Debug\netcoreapp3.1\fine-code-coverage\coverage-tool-output</ResultsDirectory>
    <TargetPlatform>X64</TargetPlatform>
    <TargetFrameworkVersion>.NETCoreApp,Version=v3.1</TargetFrameworkVersion>
    <DesignMode>False</DesignMode>
    <CollectSourceInformation>False</CollectSourceInformation>
  </RunConfiguration>
  <LoggerRunSettings>
    <Loggers>
      <Logger friendlyName="blame" enabled="True" />
      <Logger friendlyName="Console" uri="logger://microsoft/TestPlatform/ConsoleLogger/v1" assemblyQualifiedName="Microsoft.VisualStudio.TestPlatform.CommandLine.Internal.ConsoleLogger, vstest.console, Version=15.0.0.0, Culture=neutral, PublicKeyToken=b03f5f7f11d50a3a" codeBase="C:\Program Files\dotnet\sdk\6.0.202\vstest.console.dll" enabled="True" />
    </Loggers>
  </LoggerRunSettings>
  <DataCollectionRunSettings>
    <DataCollectors>
      <DataCollector friendlyName="blame" enabled="True">
        <Configuration>
          <ResultsDirectory>C:\Development\DescartesJsonDiff.IntegrationTests\bin\Debug\netcoreapp3.1\fine-code-coverage\coverage-tool-output</ResultsDirectory>
        </Configuration>
      </DataCollector>
    </DataCollectors>
  </DataCollectionRunSettings>
</RunSettings>

TpTrace Verbose: 0 : 6436, 1, 2022/04/18, 08:59:33.149, 8039613972, vstest.console.dll, TestRunRequest.ExecuteAsync: Wait for the first run request is over.
TpTrace Verbose: 0 : 6436, 1, 2022/04/18, 08:59:33.150, 8039617531, vstest.console.dll, ParallelProxyExecutionManager: Start execution. Total sources: 1
TpTrace Information: 0 : 6436, 1, 2022/04/18, 08:59:33.150, 8039622884, vstest.console.dll, ProxyParallelExecutionManager: Triggering test run for next source: C:\Development\DescartesJsonDiff.IntegrationTests\bin\Debug\netcoreapp3.1\fine-code-coverage\build-output\DescartesJsonDiff.Testing.dll
TpTrace Verbose: 0 : 6436, 5, 2022/04/18, 08:59:33.150, 8039624467, vstest.console.dll, ParallelProxyExecutionManager: Execution started. Started clients: 1
TpTrace Verbose: 0 : 6436, 1, 2022/04/18, 08:59:33.150, 8039624621, vstest.console.dll, ProxyParallelExecutionManager: No sources available for execution.
TpTrace Information: 0 : 6436, 1, 2022/04/18, 08:59:33.150, 8039625569, vstest.console.dll, TestRunRequest.ExecuteAsync: Started.
TpTrace Verbose: 0 : 6436, 1, 2022/04/18, 08:59:33.150, 8039626236, vstest.console.dll, TestRunRequest.WaitForCompletion: Waiting with timeout -1.
TpTrace Verbose: 0 : 6436, 5, 2022/04/18, 08:59:33.150, 8039626801, vstest.console.dll, TestRunRequest:SendTestRunMessage: Starting.
TpTrace Information: 0 : 6436, 5, 2022/04/18, 08:59:33.151, 8039627910, vstest.console.dll, TestRunRequest:SendTestRunMessage: Completed.
TpTrace Verbose: 0 : 6436, 5, 2022/04/18, 08:59:33.151, 8039629836, vstest.console.dll, ProxyExecutionManager: Test host is always Lazy initialize.
TpTrace Verbose: 0 : 6436, 5, 2022/04/18, 08:59:33.151, 8039631419, vstest.console.dll, TestRequestSender.InitializeCommunication: initialize communication. 
TpTrace Information: 0 : 6436, 5, 2022/04/18, 08:59:33.151, 8039635271, vstest.console.dll, SocketServer.Start: Listening on endpoint : 127.0.0.1:49437
TpTrace Verbose: 0 : 6436, 5, 2022/04/18, 08:59:33.152, 8039639897, vstest.console.dll, DotnetTestHostmanager.GetTestHostProcessStartInfo: Platform environment 'X64' target architecture 'X64' framework '.NETCoreApp,Version=v3.1' OS 'Windows'
TpTrace Verbose: 0 : 6436, 5, 2022/04/18, 08:59:33.152, 8039641580, vstest.console.dll, DotnetTestHostmanager: Adding  --runtimeconfig "C:\Development\DescartesJsonDiff.IntegrationTests\bin\Debug\netcoreapp3.1\fine-code-coverage\build-output\DescartesJsonDiff.Testing.runtimeconfig.json" in args
TpTrace Verbose: 0 : 6436, 5, 2022/04/18, 08:59:33.152, 8039642380, vstest.console.dll, DotnetTestHostmanager: Adding  --depsfile "C:\Development\DescartesJsonDiff.IntegrationTests\bin\Debug\netcoreapp3.1\fine-code-coverage\build-output\DescartesJsonDiff.Testing.deps.json" in args
TpTrace Verbose: 0 : 6436, 5, 2022/04/18, 08:59:33.153, 8039657275, vstest.console.dll, DotnetTestHostmanager.IsWinOnArm: Current PROCESSOR_ARCHITECTURE from registry 'AMD64'
TpTrace Verbose: 0 : 6436, 5, 2022/04/18, 08:59:33.154, 8039658099, vstest.console.dll, DotnetTestHostmanager.IsWinOnArm: Is Windows on ARM 'False'
TpTrace Verbose: 0 : 6436, 5, 2022/04/18, 08:59:33.154, 8039658989, vstest.console.dll, DotnetTestHostManager: testhost.exe found at path: C:\Development\DescartesJsonDiff.IntegrationTests\bin\Debug\netcoreapp3.1\fine-code-coverage\build-output\testhost.exe
TpTrace Verbose: 0 : 6436, 5, 2022/04/18, 08:59:33.154, 8039659427, vstest.console.dll, DotnetTestHostmanager: Full path of host exe is C:\Development\DescartesJsonDiff.IntegrationTests\bin\Debug\netcoreapp3.1\fine-code-coverage\build-output\testhost.exe
TpTrace Verbose: 0 : 6436, 5, 2022/04/18, 08:59:33.154, 8039660468, vstest.console.dll, DotnetTestHostmanager.LaunchTestHostAsync: Found 'VSTEST_WINAPPHOST_DOTNET_ROOT' in env variables, value 'C:\Program Files\dotnet'
TpTrace Verbose: 0 : 6436, 7, 2022/04/18, 08:59:33.154, 8039667016, vstest.console.dll, DotnetTestHostManager: Starting process 'C:\Development\DescartesJsonDiff.IntegrationTests\bin\Debug\netcoreapp3.1\fine-code-coverage\build-output\testhost.exe' with command line ' --runtimeconfig "C:\Development\DescartesJsonDiff.IntegrationTests\bin\Debug\netcoreapp3.1\fine-code-coverage\build-output\DescartesJsonDiff.Testing.runtimeconfig.json" --depsfile "C:\Development\DescartesJsonDiff.IntegrationTests\bin\Debug\netcoreapp3.1\fine-code-coverage\build-output\DescartesJsonDiff.Testing.deps.json" --port 49437 --endpoint 127.0.0.1:049437 --role client --parentprocessid 6436 --diag "C:\Development\DescartesJsonDiff.IntegrationTests\bin\Debug\netcoreapp3.1\fine-code-coverage\coverage-tool-output\diagnostics.host.22-04-18_08-59-33_15203_5.log" --tracelevel 4 --datacollectionport 49436 --telemetryoptedin false'
TpTrace Verbose: 0 : 6436, 7, 2022/04/18, 08:59:33.158, 8039705062, vstest.console.dll, Test Runtime launched
TpTrace Verbose: 0 : 6436, 5, 2022/04/18, 08:59:33.159, 8039709905, vstest.console.dll, TestRequestSender.WaitForRequestHandlerConnection: waiting for connection with timeout: 90000
TpTrace Verbose: 0 : 6436, 13, 2022/04/18, 08:59:33.341, 8041537391, vstest.console.dll, SocketServer.OnClientConnected: Client connected for endPoint: 127.0.0.1:49437, starting MessageLoopAsync:
TpTrace Verbose: 0 : 6436, 13, 2022/04/18, 08:59:33.342, 8041539238, vstest.console.dll, TcpClientExtensions.MessageLoopAsync: Polling on remoteEndPoint: 127.0.0.1:55037 localEndPoint: 127.0.0.1:49437
TpTrace Verbose: 0 : 6436, 5, 2022/04/18, 08:59:33.342, 8041544155, vstest.console.dll, TestRequestSender.CheckVersionWithTestHost: Sending check version message: {"MessageType":"ProtocolVersion","Payload":5}
TpTrace Verbose: 0 : 6436, 13, 2022/04/18, 08:59:33.470, 8042826032, vstest.console.dll, TcpClientExtensions.MessageLoopAsync: NotifyDataAvailable remoteEndPoint: 127.0.0.1:55037 localEndPoint: 127.0.0.1:49437
TpTrace Verbose: 0 : 6436, 13, 2022/04/18, 08:59:33.471, 8042828066, vstest.console.dll, TestRequestSender.CheckVersionWithTestHost: onMessageReceived received message: (ProtocolVersion) -> 5
TpTrace Verbose: 0 : 6436, 13, 2022/04/18, 08:59:33.471, 8042831173, vstest.console.dll, TcpClientExtensions.MessageLoopAsync: Polling on remoteEndPoint: 127.0.0.1:55037 localEndPoint: 127.0.0.1:49437
TpTrace Verbose: 0 : 6436, 5, 2022/04/18, 08:59:33.471, 8042831997, vstest.console.dll, TestPluginCache.GetExtensionPaths: Filtered extension paths: 
TpTrace Verbose: 0 : 6436, 5, 2022/04/18, 08:59:33.471, 8042832622, vstest.console.dll, TestPluginCache.GetExtensionPaths: Added default extension paths: C:\Program Files\dotnet\sdk\6.0.202\Extensions\DumpMinitool.exe
C:\Program Files\dotnet\sdk\6.0.202\Extensions\DumpMinitool.x86.exe
C:\Program Files\dotnet\sdk\6.0.202\Extensions\Microsoft.Diagnostics.NETCore.Client.dll
C:\Program Files\dotnet\sdk\6.0.202\Extensions\Microsoft.TestPlatform.Extensions.BlameDataCollector.dll
C:\Program Files\dotnet\sdk\6.0.202\Extensions\Microsoft.TestPlatform.Extensions.EventLogCollector.dll
C:\Program Files\dotnet\sdk\6.0.202\Extensions\Microsoft.TestPlatform.TestHostRuntimeProvider.dll
C:\Program Files\dotnet\sdk\6.0.202\Extensions\Microsoft.VisualStudio.TestPlatform.Extensions.Html.TestLogger.dll
C:\Program Files\dotnet\sdk\6.0.202\Extensions\Microsoft.VisualStudio.TestPlatform.Extensions.Trx.TestLogger.dll
TpTrace Verbose: 0 : 6436, 5, 2022/04/18, 08:59:33.471, 8042832985, vstest.console.dll, TestPluginCache.GetExtensionPaths: Added unfilterableExtensionPaths: 
TpTrace Verbose: 0 : 6436, 5, 2022/04/18, 08:59:33.474, 8042860394, vstest.console.dll, TestRequestSender.InitializeExecution: Sending initialize execution with message: {"Version":5,"MessageType":"TestExecution.Initialize","Payload":["C:\\Development\\DescartesJsonDiff.IntegrationTests\\bin\\Debug\\netcoreapp3.1\\fine-code-coverage\\build-output\\xunit.runner.visualstudio.dotnetcore.testadapter.dll"]}
TpTrace Warning: 0 : 6436, 5, 2022/04/18, 08:59:33.474, 8042863451, vstest.console.dll, InferRunSettingsHelper.MakeRunsettingsCompatible: Removing the following settings: TargetPlatform from RunSettings file. To use those settings please move to latest version of Microsoft.NET.Test.Sdk
TpTrace Verbose: 0 : 6436, 13, 2022/04/18, 08:59:33.480, 8042924134, vstest.console.dll, TcpClientExtensions.MessageLoopAsync: NotifyDataAvailable remoteEndPoint: 127.0.0.1:55037 localEndPoint: 127.0.0.1:49437
TpTrace Verbose: 0 : 6436, 13, 2022/04/18, 08:59:33.480, 8042925481, vstest.console.dll, TestRequestSender.OnExecutionMessageReceived: Received message: {"Version":5,"MessageType":"TestSession.Message","Payload":{"MessageLevel":0,"Message":"Logging TestHost Diagnostics in file: C:\\Development\\DescartesJsonDiff.IntegrationTests\\bin\\Debug\\netcoreapp3.1\\fine-code-coverage\\coverage-tool-output\\diagnostics.host.22-04-18_08-59-33_15203_5.log"}}
TpTrace Verbose: 0 : 6436, 5, 2022/04/18, 08:59:33.480, 8042925456, vstest.console.dll, TestRequestSender.StartTestRun: Sending test run with message: {"Version":5,"MessageType":"TestExecution.StartWithSources","Payload":{"AdapterSourceMap":{"_none_":["C:\\Development\\DescartesJsonDiff.IntegrationTests\\bin\\Debug\\netcoreapp3.1\\fine-code-coverage\\build-output\\DescartesJsonDiff.Testing.dll"]},"RunSettings":"<RunSettings>\r\n  <RunConfiguration>\r\n    <ResultsDirectory>C:\\Development\\DescartesJsonDiff.IntegrationTests\\bin\\Debug\\netcoreapp3.1\\fine-code-coverage\\coverage-tool-output</ResultsDirectory>\r\n    <TargetFrameworkVersion>.NETCoreApp,Version=v3.1</TargetFrameworkVersion>\r\n    <DesignMode>False</DesignMode>\r\n    <CollectSourceInformation>False</CollectSourceInformation>\r\n  </RunConfiguration>\r\n  <LoggerRunSettings>\r\n    <Loggers>\r\n      <Logger friendlyName=\"blame\" enabled=\"True\" />\r\n      <Logger friendlyName=\"Console\" uri=\"logger://microsoft/TestPlatform/ConsoleLogger/v1\" assemblyQualifiedName=\"Microsoft.VisualStudio.TestPlatform.CommandLine.Internal.ConsoleLogger, vstest.console, Version=15.0.0.0, Culture=neutral, PublicKeyToken=b03f5f7f11d50a3a\" codeBase=\"C:\\Program Files\\dotnet\\sdk\\6.0.202\\vstest.console.dll\" enabled=\"True\" />\r\n    </Loggers>\r\n  </LoggerRunSettings>\r\n  <DataCollectionRunSettings>\r\n    <DataCollectors>\r\n      <DataCollector friendlyName=\"blame\" enabled=\"True\">\r\n        <Configuration>\r\n          <ResultsDirectory>C:\\Development\\DescartesJsonDiff.IntegrationTests\\bin\\Debug\\netcoreapp3.1\\fine-code-coverage\\coverage-tool-output</ResultsDirectory>\r\n        </Configuration>\r\n      </DataCollector>\r\n    </DataCollectors>\r\n  </DataCollectionRunSettings>\r\n</RunSettings>","TestExecutionContext":{"FrequencyOfRunStatsChangeEvent":10,"RunStatsChangeEventTimeout":"00:00:01.5000000","InIsolation":false,"KeepAlive":false,"AreTestCaseLevelEventsRequired":false,"IsDebug":false,"TestCaseFilter":null,"FilterOptions":null},"Package":null}}
TpTrace Verbose: 0 : 6436, 13, 2022/04/18, 08:59:33.482, 8042939662, vstest.console.dll, TestRunRequest:SendTestRunMessage: Starting.
TpTrace Information: 0 : 6436, 13, 2022/04/18, 08:59:33.482, 8042940561, vstest.console.dll, TestRunRequest:SendTestRunMessage: Completed.
TpTrace Verbose: 0 : 6436, 13, 2022/04/18, 08:59:33.482, 8042942530, vstest.console.dll, TcpClientExtensions.MessageLoopAsync: Polling on remoteEndPoint: 127.0.0.1:55037 localEndPoint: 127.0.0.1:49437
TpTrace Verbose: 0 : 6436, 13, 2022/04/18, 08:59:33.605, 8044167570, vstest.console.dll, TcpClientExtensions.MessageLoopAsync: NotifyDataAvailable remoteEndPoint: 127.0.0.1:55037 localEndPoint: 127.0.0.1:49437
TpTrace Verbose: 0 : 6436, 13, 2022/04/18, 08:59:33.605, 8044168712, vstest.console.dll, TestRequestSender.OnExecutionMessageReceived: Received message: {"Version":5,"MessageType":"TestSession.Message","Payload":{"MessageLevel":0,"Message":"[xUnit.net 00:00:00.00] xUnit.net VSTest Adapter v2.4.3+1b45f5407b (64-bit .NET Core 3.1.24)"}}
TpTrace Verbose: 0 : 6436, 13, 2022/04/18, 08:59:33.605, 8044170860, vstest.console.dll, TestRunRequest:SendTestRunMessage: Starting.
TpTrace Information: 0 : 6436, 13, 2022/04/18, 08:59:33.605, 8044171515, vstest.console.dll, TestRunRequest:SendTestRunMessage: Completed.
TpTrace Verbose: 0 : 6436, 13, 2022/04/18, 08:59:33.605, 8044172129, vstest.console.dll, TcpClientExtensions.MessageLoopAsync: Polling on remoteEndPoint: 127.0.0.1:55037 localEndPoint: 127.0.0.1:49437
TpTrace Verbose: 0 : 6436, 13, 2022/04/18, 08:59:34.210, 8050217745, vstest.console.dll, TcpClientExtensions.MessageLoopAsync: NotifyDataAvailable remoteEndPoint: 127.0.0.1:55037 localEndPoint: 127.0.0.1:49437
TpTrace Verbose: 0 : 6436, 13, 2022/04/18, 08:59:34.210, 8050219157, vstest.console.dll, TestRequestSender.OnExecutionMessageReceived: Received message: {"Version":5,"MessageType":"TestSession.Message","Payload":{"MessageLevel":0,"Message":"[xUnit.net 00:00:00.60]   Discovering: DescartesJsonDiff.Testing"}}
TpTrace Verbose: 0 : 6436, 13, 2022/04/18, 08:59:34.210, 8050220972, vstest.console.dll, TestRunRequest:SendTestRunMessage: Starting.
TpTrace Information: 0 : 6436, 13, 2022/04/18, 08:59:34.210, 8050221507, vstest.console.dll, TestRunRequest:SendTestRunMessage: Completed.
TpTrace Verbose: 0 : 6436, 13, 2022/04/18, 08:59:34.210, 8050221860, vstest.console.dll, TcpClientExtensions.MessageLoopAsync: Polling on remoteEndPoint: 127.0.0.1:55037 localEndPoint: 127.0.0.1:49437
TpTrace Verbose: 0 : 6436, 13, 2022/04/18, 08:59:34.257, 8050693199, vstest.console.dll, TcpClientExtensions.MessageLoopAsync: NotifyDataAvailable remoteEndPoint: 127.0.0.1:55037 localEndPoint: 127.0.0.1:49437
TpTrace Verbose: 0 : 6436, 13, 2022/04/18, 08:59:34.257, 8050694707, vstest.console.dll, TestRequestSender.OnExecutionMessageReceived: Received message: {"Version":5,"MessageType":"TestSession.Message","Payload":{"MessageLevel":0,"Message":"[xUnit.net 00:00:00.65]   Discovered:  DescartesJsonDiff.Testing"}}
TpTrace Verbose: 0 : 6436, 13, 2022/04/18, 08:59:34.258, 8050697716, vstest.console.dll, TestRunRequest:SendTestRunMessage: Starting.
TpTrace Information: 0 : 6436, 13, 2022/04/18, 08:59:34.258, 8050698571, vstest.console.dll, TestRunRequest:SendTestRunMessage: Completed.
TpTrace Verbose: 0 : 6436, 13, 2022/04/18, 08:59:34.258, 8050699074, vstest.console.dll, TcpClientExtensions.MessageLoopAsync: Polling on remoteEndPoint: 127.0.0.1:55037 localEndPoint: 127.0.0.1:49437
TpTrace Verbose: 0 : 6436, 13, 2022/04/18, 08:59:34.259, 8050714087, vstest.console.dll, TcpClientExtensions.MessageLoopAsync: NotifyDataAvailable remoteEndPoint: 127.0.0.1:55037 localEndPoint: 127.0.0.1:49437
TpTrace Verbose: 0 : 6436, 13, 2022/04/18, 08:59:34.259, 8050714972, vstest.console.dll, TestRequestSender.OnExecutionMessageReceived: Received message: {"Version":5,"MessageType":"TestSession.Message","Payload":{"MessageLevel":0,"Message":"[xUnit.net 00:00:00.65]   Starting:    DescartesJsonDiff.Testing"}}
TpTrace Verbose: 0 : 6436, 13, 2022/04/18, 08:59:34.259, 8050716428, vstest.console.dll, TestRunRequest:SendTestRunMessage: Starting.
TpTrace Information: 0 : 6436, 13, 2022/04/18, 08:59:34.259, 8050716917, vstest.console.dll, TestRunRequest:SendTestRunMessage: Completed.
TpTrace Verbose: 0 : 6436, 13, 2022/04/18, 08:59:34.260, 8050717549, vstest.console.dll, TcpClientExtensions.MessageLoopAsync: Polling on remoteEndPoint: 127.0.0.1:55037 localEndPoint: 127.0.0.1:49437
TpTrace Verbose: 0 : 6436, 13, 2022/04/18, 08:59:34.714, 8055265800, vstest.console.dll, TcpClientExtensions.MessageLoopAsync: NotifyDataAvailable remoteEndPoint: 127.0.0.1:55037 localEndPoint: 127.0.0.1:49437
TpTrace Verbose: 0 : 6436, 13, 2022/04/18, 08:59:34.715, 8055269195, vstest.console.dll, TestRequestSender.OnExecutionMessageReceived: Received message: {"Version":5,"MessageType":"TestExecution.StatsChange","Payload":{"NewTestResults":[{"TestCase":{"Id":"55172cf2-597c-0ef0-e5ed-dfff9b3e2a14","FullyQualifiedName":"DescartesJsonDiff.Testing.UnitTests.Get_Diff_Should_Return_Null","DisplayName":"DescartesJsonDiff.Testing.UnitTests.Get_Diff_Should_Return_Null","ExecutorUri":"executor://xunit/VsTestRunner2/netcoreapp","Source":"C:\\Development\\DescartesJsonDiff.IntegrationTests\\bin\\Debug\\netcoreapp3.1\\fine-code-coverage\\build-output\\DescartesJsonDiff.Testing.dll","CodeFilePath":null,"LineNumber":0,"Properties":[]},"Attachments":[],"Outcome":1,"ErrorMessage":null,"ErrorStackTrace":null,"DisplayName":"DescartesJsonDiff.Testing.UnitTests.Get_Diff_Should_Return_Null","Messages":[],"ComputerName":"DESKTOP-B9F0D9P","Duration":"00:00:00.0081283","StartTime":"2022-04-18T12:59:34.3237163+00:00","EndTime":"2022-04-18T12:59:34.3237405+00:00","Properties":[]},{"TestCase":{"Id":"6e8ccecf-cbc3-fd86-d01f-3c4e0b338459","FullyQualifiedName":"DescartesJsonDiff.Testing.UnitTests.Create_Json_Data_Method_Should_Return_Successful","DisplayName":"DescartesJsonDiff.Testing.UnitTests.Create_Json_Data_Method_Should_Return_Successful","ExecutorUri":"executor://xunit/VsTestRunner2/netcoreapp","Source":"C:\\Development\\DescartesJsonDiff.IntegrationTests\\bin\\Debug\\netcoreapp3.1\\fine-code-coverage\\build-output\\DescartesJsonDiff.Testing.dll","CodeFilePath":null,"LineNumber":0,"Properties":[]},"Attachments":[],"Outcome":1,"ErrorMessage":null,"ErrorStackTrace":null,"DisplayName":"DescartesJsonDiff.Testing.UnitTests.Create_Json_Data_Method_Should_Return_Successful","Messages":[],"ComputerName":"DESKTOP-B9F0D9P","Duration":"00:00:00.0243833","StartTime":"2022-04-18T12:59:34.3477862+00:00","EndTime":"2022-04-18T12:59:34.3477886+00:00","Properties":[]},{"TestCase":{"Id":"27ba4dea-471a-caac-0799-21e19f811732","FullyQualifiedName":"DescartesJsonDiff.Testing.UnitTests.Create_Json_Data_Method_Should_Update_And_Return_Successful","DisplayName":"DescartesJsonDiff.Testing.UnitTests.Create_Json_Data_Method_Should_Update_And_Return_Successful","ExecutorUri":"executor://xunit/VsTestRunner2/netcoreapp","Source":"C:\\Development\\DescartesJsonDiff.IntegrationTests\\bin\\Debug\\netcoreapp3.1\\fine-code-coverage\\build-output\\DescartesJsonDiff.Testing.dll","CodeFilePath":null,"LineNumber":0,"Properties":[]},"Attachments":[],"Outcome":1,"ErrorMessage":null,"ErrorStackTrace":null,"DisplayName":"DescartesJsonDiff.Testing.UnitTests.Create_Json_Data_Method_Should_Update_And_Return_Successful","Messages":[],"ComputerName":"DESKTOP-B9F0D9P","Duration":"00:00:00.0007203","StartTime":"2022-04-18T12:59:34.3500063+00:00","EndTime":"2022-04-18T12:59:34.3500086+00:00","Properties":[]},{"TestCase":{"Id":"cae32d75-620c-647f-1ce3-c7b30ab190be","FullyQualifiedName":"DescartesJsonDiff.Testing.IntergrationTests.Get_Differential_Should_Return_Not_Found","DisplayName":"DescartesJsonDiff.Testing.IntergrationTests.Get_Differential_Should_Return_Not_Found","ExecutorUri":"executor://xunit/VsTestRunner2/netcoreapp","Source":"C:\\Development\\DescartesJsonDiff.IntegrationTests\\bin\\Debug\\netcoreapp3.1\\fine-code-coverage\\build-output\\DescartesJsonDiff.Testing.dll","CodeFilePath":null,"LineNumber":0,"Properties":[]},"Attachments":[],"Outcome":1,"ErrorMessage":null,"ErrorStackTrace":null,"DisplayName":"DescartesJsonDiff.Testing.IntergrationTests.Get_Differential_Should_Return_Not_Found","Messages":[],"ComputerName":"DESKTOP-B9F0D9P","Duration":"00:00:00.2605623","StartTime":"2022-04-18T12:59:34.5717588+00:00","EndTime":"2022-04-18T12:59:34.5717602+00:00","Properties":[]},{"TestCase":{"Id":"65764f51-487a-91ce-3069-27a244db35d7","FullyQualifiedName":"DescartesJsonDiff.Testing.IntergrationTests.Add_Null_Left_Side_Data_Should_Return_BadRequest","DisplayName":"DescartesJsonDiff.Testing.IntergrationTests.Add_Null_Left_Side_Data_Should_Return_BadRequest(side: \"right\")","ExecutorUri":"executor://xunit/VsTestRunner2/netcoreapp","Source":"C:\\Development\\DescartesJsonDiff.IntegrationTests\\bin\\Debug\\netcoreapp3.1\\fine-code-coverage\\build-output\\DescartesJsonDiff.Testing.dll","CodeFilePath":null,"LineNumber":0,"Properties":[]},"Attachments":[],"Outcome":1,"ErrorMessage":null,"ErrorStackTrace":null,"DisplayName":"DescartesJsonDiff.Testing.IntergrationTests.Add_Null_Left_Side_Data_Should_Return_BadRequest(side: \"right\")","Messages":[],"ComputerName":"DESKTOP-B9F0D9P","Duration":"00:00:00.0177317","StartTime":"2022-04-18T12:59:34.5910467+00:00","EndTime":"2022-04-18T12:59:34.591048+00:00","Properties":[]},{"TestCase":{"Id":"500a12c8-0f99-813a-f218-aa74618fc3d8","FullyQualifiedName":"DescartesJsonDiff.Testing.IntergrationTests.Add_Null_Left_Side_Data_Should_Return_BadRequest","DisplayName":"DescartesJsonDiff.Testing.IntergrationTests.Add_Null_Left_Side_Data_Should_Return_BadRequest(side: \"left\")","ExecutorUri":"executor://xunit/VsTestRunner2/netcoreapp","Source":"C:\\Development\\DescartesJsonDiff.IntegrationTests\\bin\\Debug\\netcoreapp3.1\\fine-code-coverage\\build-output\\DescartesJsonDiff.Testing.dll","CodeFilePath":null,"LineNumber":0,"Properties":[]},"Attachments":[],"Outcome":1,"ErrorMessage":null,"ErrorStackTrace":null,"DisplayName":"DescartesJsonDiff.Testing.IntergrationTests.Add_Null_Left_Side_Data_Should_Return_BadRequest(side: \"left\")","Messages":[],"ComputerName":"DESKTOP-B9F0D9P","Duration":"00:00:00.0116326","StartTime":"2022-04-18T12:59:34.6027905+00:00","EndTime":"2022-04-18T12:59:34.6027916+00:00","Properties":[]},{"TestCase":{"Id":"9385a5ba-39c6-5005-2745-516b0d1b2d2f","FullyQualifiedName":"DescartesJsonDiff.Testing.IntergrationTests.Add_Side_Data_Should_Return_Created","DisplayName":"DescartesJsonDiff.Testing.IntergrationTests.Add_Side_Data_Should_Return_Created(data: \"AAAAAA==\", side: \"left\", id: \"1\")","ExecutorUri":"executor://xunit/VsTestRunner2/netcoreapp","Source":"C:\\Development\\DescartesJsonDiff.IntegrationTests\\bin\\Debug\\netcoreapp3.1\\fine-code-coverage\\build-output\\DescartesJsonDiff.Testing.dll","CodeFilePath":null,"LineNumber":0,"Properties":[]},"Attachments":[],"Outcome":1,"ErrorMessage":null,"ErrorStackTrace":null,"DisplayName":"DescartesJsonDiff.Testing.IntergrationTests.Add_Side_Data_Should_Return_Created(data: \"AAAAAA==\", side: \"left\", id: \"1\")","Messages":[],"ComputerName":"DESKTOP-B9F0D9P","Duration":"00:00:00.0127816","StartTime":"2022-04-18T12:59:34.6157123+00:00","EndTime":"2022-04-18T12:59:34.6157132+00:00","Properties":[]},{"TestCase":{"Id":"19e406aa-1a27-145d-ef31-73c9af3b840a","FullyQualifiedName":"DescartesJsonDiff.Testing.IntergrationTests.Add_Side_Data_Should_Return_Created","DisplayName":"DescartesJsonDiff.Testing.IntergrationTests.Add_Side_Data_Should_Return_Created(data: \"AQABAQ==\", side: \"right\", id: \"1\")","ExecutorUri":"executor://xunit/VsTestRunner2/netcoreapp","Source":"C:\\Development\\DescartesJsonDiff.IntegrationTests\\bin\\Debug\\netcoreapp3.1\\fine-code-coverage\\build-output\\DescartesJsonDiff.Testing.dll","CodeFilePath":null,"LineNumber":0,"Properties":[]},"Attachments":[],"Outcome":1,"ErrorMessage":null,"ErrorStackTrace":null,"DisplayName":"DescartesJsonDiff.Testing.IntergrationTests.Add_Side_Data_Should_Return_Created(data: \"AQABAQ==\", side: \"right\", id: \"1\")","Messages":[],"ComputerName":"DESKTOP-B9F0D9P","Duration":"00:00:00.0126201","StartTime":"2022-04-18T12:59:34.6284986+00:00","EndTime":"2022-04-18T12:59:34.6284996+00:00","Properties":[]},{"TestCase":{"Id":"38e19634-bd4e-1a0f-84f2-9b28572d0943","FullyQualifiedName":"DescartesJsonDiff.Testing.IntergrationTests.Get_Differential_Should_Return_Response","DisplayName":"DescartesJsonDiff.Testing.IntergrationTests.Get_Differential_Should_Return_Response","ExecutorUri":"executor://xunit/VsTestRunner2/netcoreapp","Source":"C:\\Development\\DescartesJsonDiff.IntegrationTests\\bin\\Debug\\netcoreapp3.1\\fine-code-coverage\\build-output\\DescartesJsonDiff.Testing.dll","CodeFilePath":null,"LineNumber":0,"Properties":[]},"Attachments":[],"Outcome":1,"ErrorMessage":null,"ErrorStackTrace":null,"DisplayName":"DescartesJsonDiff.Testing.IntergrationTests.Get_Differential_Should_Return_Response(leftSide: \"AAAAAA==\", rightSide: \"AAAAAA==\", expectedResponse: ApiResponse { DiffResultType = \"Equals\", Diffs = null })","Messages":[],"ComputerName":"DESKTOP-B9F0D9P","Duration":"00:00:00.0271864","StartTime":"2022-04-18T12:59:34.6656482+00:00","EndTime":"2022-04-18T12:59:34.6656501+00:00","Properties":[]},{"TestCase":{"Id":"38e19634-bd4e-1a0f-84f2-9b28572d0943","FullyQualifiedName":"DescartesJsonDiff.Testing.IntergrationTests.Get_Differential_Should_Return_Response","DisplayName":"DescartesJsonDiff.Testing.IntergrationTests.Get_Differential_Should_Return_Response","ExecutorUri":"executor://xunit/VsTestRunner2/netcoreapp","Source":"C:\\Development\\DescartesJsonDiff.IntegrationTests\\bin\\Debug\\netcoreapp3.1\\fine-code-coverage\\build-output\\DescartesJsonDiff.Testing.dll","CodeFilePath":null,"LineNumber":0,"Properties":[]},"Attachments":[],"Outcome":1,"ErrorMessage":null,"ErrorStackTrace":null,"DisplayName":"DescartesJsonDiff.Testing.IntergrationTests.Get_Differential_Should_Return_Response(leftSide: \"AAAAAA==\", rightSide: \"AAA=\", expectedResponse: ApiResponse { DiffResultType = \"SizeDoNotMatch\", Diffs = null })","Messages":[],"ComputerName":"DESKTOP-B9F0D9P","Duration":"00:00:00.0147758","StartTime":"2022-04-18T12:59:34.6812152+00:00","EndTime":"2022-04-18T12:59:34.681216+00:00","Properties":[]}],"TestRunStatistics":{"ExecutedTests":10,"Stats":{"Passed":10}},"ActiveTests":[]}}
TpTrace Verbose: 0 : 6436, 13, 2022/04/18, 08:59:34.737, 8055490911, vstest.console.dll, TestRunRequest:SendTestRunStatsChange: Starting.
TpTrace Information: 0 : 6436, 13, 2022/04/18, 08:59:34.737, 8055493557, vstest.console.dll, TestRunRequest:SendTestRunStatsChange: Completed.
TpTrace Verbose: 0 : 6436, 13, 2022/04/18, 08:59:34.737, 8055494191, vstest.console.dll, TcpClientExtensions.MessageLoopAsync: Polling on remoteEndPoint: 127.0.0.1:55037 localEndPoint: 127.0.0.1:49437
TpTrace Verbose: 0 : 6436, 13, 2022/04/18, 08:59:34.737, 8055494726, vstest.console.dll, TcpClientExtensions.MessageLoopAsync: NotifyDataAvailable remoteEndPoint: 127.0.0.1:55037 localEndPoint: 127.0.0.1:49437
TpTrace Verbose: 0 : 6436, 13, 2022/04/18, 08:59:34.737, 8055495344, vstest.console.dll, TestRequestSender.OnExecutionMessageReceived: Received message: {"Version":5,"MessageType":"TestSession.Message","Payload":{"MessageLevel":0,"Message":"[xUnit.net 00:00:01.12]   Finished:    DescartesJsonDiff.Testing"}}
TpTrace Verbose: 0 : 6436, 13, 2022/04/18, 08:59:34.737, 8055496461, vstest.console.dll, TestRunRequest:SendTestRunMessage: Starting.
TpTrace Information: 0 : 6436, 13, 2022/04/18, 08:59:34.737, 8055496909, vstest.console.dll, TestRunRequest:SendTestRunMessage: Completed.
TpTrace Verbose: 0 : 6436, 13, 2022/04/18, 08:59:34.737, 8055497229, vstest.console.dll, TcpClientExtensions.MessageLoopAsync: Polling on remoteEndPoint: 127.0.0.1:55037 localEndPoint: 127.0.0.1:49437
TpTrace Verbose: 0 : 6436, 13, 2022/04/18, 08:59:34.739, 8055516168, vstest.console.dll, TcpClientExtensions.MessageLoopAsync: NotifyDataAvailable remoteEndPoint: 127.0.0.1:55037 localEndPoint: 127.0.0.1:49437
TpTrace Verbose: 0 : 6436, 13, 2022/04/18, 08:59:34.740, 8055517469, vstest.console.dll, TestRequestSender.OnExecutionMessageReceived: Received message: {"Version":5,"MessageType":"TestExecution.Completed","Payload":{"TestRunCompleteArgs":{"TestRunStatistics":{"ExecutedTests":11,"Stats":{"Passed":11}},"IsCanceled":false,"IsAborted":false,"Error":null,"AttachmentSets":[],"ElapsedTimeInRunningTests":"00:00:01.1333751","Metrics":{}},"LastRunTests":{"NewTestResults":[{"TestCase":{"Id":"38e19634-bd4e-1a0f-84f2-9b28572d0943","FullyQualifiedName":"DescartesJsonDiff.Testing.IntergrationTests.Get_Differential_Should_Return_Response","DisplayName":"DescartesJsonDiff.Testing.IntergrationTests.Get_Differential_Should_Return_Response","ExecutorUri":"executor://xunit/VsTestRunner2/netcoreapp","Source":"C:\\Development\\DescartesJsonDiff.IntegrationTests\\bin\\Debug\\netcoreapp3.1\\fine-code-coverage\\build-output\\DescartesJsonDiff.Testing.dll","CodeFilePath":null,"LineNumber":0,"Properties":[]},"Attachments":[],"Outcome":1,"ErrorMessage":null,"ErrorStackTrace":null,"DisplayName":"DescartesJsonDiff.Testing.IntergrationTests.Get_Differential_Should_Return_Response(leftSide: \"AAAAAA==\", rightSide: \"AQABAQ==\", expectedResponse: ApiResponse { DiffResultType = \"ContentDoNotMatch\", Diffs = [Differential { ... }, Differential { ... }, Differential { ... }] })","Messages":[],"ComputerName":"DESKTOP-B9F0D9P","Duration":"00:00:00.0418775","StartTime":"2022-04-18T12:59:34.723187+00:00","EndTime":"2022-04-18T12:59:34.7231895+00:00","Properties":[]}],"TestRunStatistics":{"ExecutedTests":11,"Stats":{"Passed":11}},"ActiveTests":[]},"RunAttachments":[],"ExecutorUris":["executor://xunit/VsTestRunner2/netcoreapp"]}}
TpTrace Verbose: 0 : 6436, 13, 2022/04/18, 08:59:34.740, 8055519144, vstest.console.dll, TestRequestSender.EndSession: Sending end session.
TpTrace Verbose: 0 : 6436, 13, 2022/04/18, 08:59:34.740, 8055520053, vstest.console.dll, ProxyOperationManager.Close: waiting for test host to exit for 100 ms
TpTrace Information: 0 : 6436, 13, 2022/04/18, 08:59:34.851, 8056631651, vstest.console.dll, SocketServer.Stop: Stop server endPoint: 127.0.0.1:49437
TpTrace Information: 0 : 6436, 13, 2022/04/18, 08:59:34.851, 8056634497, vstest.console.dll, SocketServer.Stop: Cancellation requested. Stopping message loop.
TpTrace Information: 0 : 6436, 13, 2022/04/18, 08:59:34.852, 8056638189, vstest.console.dll, Closing the connection
TpTrace Warning: 0 : 6436, 13, 2022/04/18, 08:59:34.852, 8056640006, vstest.console.dll, ProxyOperationManager: Timed out waiting for test host to exit. Will terminate process.
TpTrace Verbose: 0 : 6436, 13, 2022/04/18, 08:59:34.856, 8056682949, vstest.console.dll, ProxyDataCollectionManager.InvokeDataCollectionServiceAction: Starting.
TpTrace Information: 0 : 6436, 13, 2022/04/18, 08:59:34.856, 8056685341, vstest.console.dll, ProxyDataCollectionManager.AfterTestRunEnd: Get attachment set for datacollector processId: 14852 port: 53773
TpTrace Verbose: 0 : 6436, 13, 2022/04/18, 08:59:34.856, 8056687280, vstest.console.dll, DataCollectionRequestSender.SendAfterTestRunStartAndGetResult : Send AfterTestRunEnd message with isCancelled: False
TpTrace Verbose: 0 : 6436, 13, 2022/04/18, 08:59:34.868, 8056804242, vstest.console.dll, DataCollectionRequestSender.SendAfterTestRunStartAndGetResult : Received message: (DataCollection.AfterTestRunEndResult) -> {
  "AttachmentSets": [],
  "Metrics": {}
}
TpTrace Information: 0 : 6436, 13, 2022/04/18, 08:59:34.876, 8056884085, vstest.console.dll, ProxyDataCollectionManager.InvokeDataCollectionServiceAction: Completed.
TpTrace Warning: 0 : 6436, 10, 2022/04/18, 08:59:34.879, 8056914227, vstest.console.dll, DataCollectionLauncher.ErrorReceivedCallback datacollector standard error line: 
TpTrace Information: 0 : 6436, 8, 2022/04/18, 08:59:34.891, 8057027621, vstest.console.dll, DataCollectionLauncher.ExitCallBack: Data collector exited with exitcode: 0 error: ''
TpTrace Verbose: 0 : 6436, 13, 2022/04/18, 08:59:34.909, 8057216240, vstest.console.dll, TestRunRequest:SendTestRunStatsChange: Starting.
TpTrace Information: 0 : 6436, 13, 2022/04/18, 08:59:34.910, 8057217718, vstest.console.dll, TestRunRequest:SendTestRunStatsChange: Completed.
TpTrace Verbose: 0 : 6436, 13, 2022/04/18, 08:59:34.910, 8057219967, vstest.console.dll, ParallelProxyExecutionManager: HandlePartialRunComplete: Total completed clients = 1, Run complete = True, Run canceled: False.
TpTrace Verbose: 0 : 6436, 13, 2022/04/18, 08:59:34.928, 8057398583, vstest.console.dll, TestRunRequest:TestRunComplete: Starting. IsAborted:False IsCanceled:False.
TpTrace Verbose: 0 : 6436, 13, 2022/04/18, 08:59:34.928, 8057400163, vstest.console.dll, TestLoggerManager.HandleTestRunComplete: Ignoring as the object is disposed.
TpTrace Information: 0 : 6436, 13, 2022/04/18, 08:59:34.928, 8057402306, vstest.console.dll, TestRunRequest:TestRunComplete: Completed.
TpTrace Verbose: 0 : 6436, 1, 2022/04/18, 08:59:34.928, 8057402697, vstest.console.dll, TestRunRequest.Dispose: Starting.
TpTrace Information: 0 : 6436, 1, 2022/04/18, 08:59:34.928, 8057403403, vstest.console.dll, TestRunRequest.Dispose: Completed.
TpTrace Verbose: 0 : 6436, 13, 2022/04/18, 08:59:34.928, 8057402770, vstest.console.dll, TestRequestSender.SetOperationComplete: Setting operation complete.
TpTrace Information: 0 : 6436, 13, 2022/04/18, 08:59:34.928, 8057404514, vstest.console.dll, SocketServer.Stop: Stop server endPoint: 127.0.0.1:49437
TpTrace Information: 0 : 6436, 1, 2022/04/18, 08:59:34.928, 8057404092, vstest.console.dll, TestRequestManager.RunTests: run tests completed.
TpTrace Information: 0 : 6436, 13, 2022/04/18, 08:59:34.928, 8057404862, vstest.console.dll, SocketServer.Stop: Cancellation requested. Stopping message loop.
TpTrace Information: 0 : 6436, 1, 2022/04/18, 08:59:34.928, 8057405711, vstest.console.dll, RunTestsArgumentProcessor:Execute: Test run is completed.
TpTrace Information: 0 : 6436, 13, 2022/04/18, 08:59:34.928, 8057405898, vstest.console.dll, SocketServer.PrivateStop: Stopping server endPoint: 127.0.0.1:49437 error: 
TpTrace Verbose: 0 : 6436, 1, 2022/04/18, 08:59:34.929, 8057409533, vstest.console.dll, Executor.Execute: Exiting with exit code of 0
TpTrace Verbose: 0 : 6436, 13, 2022/04/18, 08:59:34.929, 8057410987, vstest.console.dll, LengthPrefixCommunicationChannel.Dispose: Dispose reader and writer.
TpTrace Information: 0 : 6436, 13, 2022/04/18, 08:59:34.929, 8057411870, vstest.console.dll, SocketServer.Stop: Raise disconnected event endPoint: 127.0.0.1:49437 error: 
TpTrace Verbose: 0 : 6436, 13, 2022/04/18, 08:59:34.929, 8057412484, vstest.console.dll, TestRequestSender: OnTestRunAbort: Operation is already complete. Skip error message.
TpTrace Verbose: 0 : 6436, 13, 2022/04/18, 08:59:34.929, 8057412816, vstest.console.dll, TcpClientExtensions.MessageLoopAsync: exiting MessageLoopAsync remoteEndPoint: 127.0.0.1:55037 localEndPoint: 127.0.0.1:49437
